[2017-03-26 16:51:48] START
[2017-03-26 16:52:39] EDIT alumni_networks/models/menu.py: 0
[2017-03-26 16:52:40] EDIT alumni_networks/models/menu.py: 0
[2017-03-26 16:52:40] EDIT alumni_networks/models/menu.py: 0
[2017-03-26 16:52:42] EDIT alumni_networks/models/menu.py: 0
[2017-03-26 16:52:42] EDIT alumni_networks/models/menu.py: 0
[2017-03-26 16:52:42] EDIT alumni_networks/models/menu.py: 0
[2017-03-26 16:52:43] EDIT alumni_networks/models/menu.py: 0
[2017-03-26 16:53:08] EDIT alumni_networks/models/menu.py: 0
[2017-03-26 16:53:09] EDIT alumni_networks/models/menu.py: 0
[2017-03-26 16:53:09] EDIT alumni_networks/models/menu.py: 0
[2017-03-26 16:56:08] EDIT alumni_networks/models/menu.py: 0
[2017-03-26 16:56:09] EDIT alumni_networks/models/menu.py: 0
[2017-03-26 16:56:09] EDIT alumni_networks/models/menu.py: 0
[2017-03-26 16:56:09] EDIT alumni_networks/models/menu.py: 0
[2017-03-26 16:56:10] EDIT alumni_networks/models/menu.py: 0
[2017-03-26 16:56:10] EDIT alumni_networks/models/menu.py: 0
[2017-03-26 16:58:49] EDIT alumni_networks/models/menu.py: -101
[2017-03-26 16:59:01] EDIT alumni_networks/models/menu.py: 0
[2017-03-26 16:59:01] EDIT alumni_networks/models/menu.py: 0
[2017-03-26 16:59:02] EDIT alumni_networks/models/menu.py: 0
[2017-03-26 16:59:41] EDIT alumni_networks/models/menu.py: 0
[2017-03-26 16:59:41] EDIT alumni_networks/models/menu.py: 0
[2017-03-26 16:59:41] EDIT alumni_networks/models/menu.py: 0
[2017-03-26 16:59:42] EDIT alumni_networks/models/menu.py: 0
[2017-03-26 16:59:42] EDIT alumni_networks/models/menu.py: 0
[2017-03-26 17:02:40] EDIT alumni_networks/models/menu.py: 1
[2017-03-26 17:02:48] EDIT alumni_networks/models/menu.py: 0
[2017-03-26 17:02:49] EDIT alumni_networks/models/menu.py: 0
[2017-03-26 17:02:49] EDIT alumni_networks/models/menu.py: 0
[2017-03-26 17:03:28] EDIT alumni_networks/controllers/default.py: -7
[2017-03-26 17:03:46] EDIT alumni_networks/views/default/index.html: -47
[2017-03-26 17:03:47] EDIT alumni_networks/views/default/index.html: 0
[2017-03-26 17:03:47] EDIT alumni_networks/views/default/index.html: 0
[2017-03-26 17:03:48] EDIT alumni_networks/views/default/index.html: 0
[2017-03-26 17:03:48] EDIT alumni_networks/views/default/index.html: 0
[2017-03-26 17:03:49] EDIT alumni_networks/views/default/index.html: 0
[2017-03-26 17:03:49] EDIT alumni_networks/views/default/index.html: 0
[2017-03-26 17:05:13] EDIT alumni_networks/views/default/index.html: 0
[2017-03-26 17:05:14] EDIT alumni_networks/views/default/index.html: 0
[2017-03-26 17:05:14] EDIT alumni_networks/views/default/index.html: 0
[2017-03-26 17:05:14] EDIT alumni_networks/views/default/index.html: 0
[2017-03-26 17:05:53] EDIT alumni_networks/views/default/index.html: 1
[2017-03-26 17:05:53] EDIT alumni_networks/views/default/index.html: 0
[2017-03-26 17:05:53] EDIT alumni_networks/views/default/index.html: 0
[2017-03-26 17:05:53] EDIT alumni_networks/views/default/index.html: 0
[2017-03-26 17:05:54] EDIT alumni_networks/views/default/index.html: 0
[2017-03-26 17:05:54] EDIT alumni_networks/views/default/index.html: 0
[2017-03-26 17:05:54] EDIT alumni_networks/views/default/index.html: 0
[2017-03-26 17:12:56] EDIT alumni_networks/views/default/index.html: 46
[2017-03-26 17:13:22] EDIT alumni_networks/views/default/index.html: 0
[2017-03-26 17:13:23] EDIT alumni_networks/views/default/index.html: 0
[2017-03-26 17:13:52] EDIT alumni_networks/controllers/default.py: 7
[2017-03-26 17:13:52] EDIT alumni_networks/controllers/default.py: 0
[2017-03-26 17:13:52] EDIT alumni_networks/controllers/default.py: 0
[2017-03-26 17:13:52] EDIT alumni_networks/controllers/default.py: 0
[2017-03-26 17:13:52] EDIT alumni_networks/controllers/default.py: 0
[2017-03-26 17:13:53] EDIT alumni_networks/controllers/default.py: 0
[2017-03-26 17:13:54] EDIT alumni_networks/controllers/default.py: 0
[2017-03-26 17:13:54] EDIT alumni_networks/controllers/default.py: 0
[2017-03-26 17:13:54] EDIT alumni_networks/controllers/default.py: 0
[2017-03-26 17:14:28] EDIT alumni_networks/controllers/default.py: -7
[2017-03-26 17:14:28] EDIT alumni_networks/controllers/default.py: 0
[2017-03-26 17:14:29] EDIT alumni_networks/controllers/default.py: 0
[2017-03-26 17:14:29] EDIT alumni_networks/controllers/default.py: 0
[2017-03-26 17:14:29] EDIT alumni_networks/controllers/default.py: 0
[2017-03-26 17:14:31] EDIT alumni_networks/controllers/default.py: 0
[2017-03-26 17:14:31] EDIT alumni_networks/controllers/default.py: 0
[2017-03-26 17:17:01] EDIT alumni_networks/views/default/index.html: -10
[2017-03-26 17:17:01] EDIT alumni_networks/views/default/index.html: 0
[2017-03-26 17:17:02] EDIT alumni_networks/views/default/index.html: 0
[2017-03-26 17:17:34] EDIT alumni_networks/views/default/index.html: 10
[2017-03-26 17:17:34] EDIT alumni_networks/views/default/index.html: 0
[2017-03-26 17:17:34] EDIT alumni_networks/views/default/index.html: 0
[2017-03-26 17:22:37] DELETE alumni_networks/static/images/background.jpg: -1088
[2017-03-26 17:25:34] EDIT alumni_networks/views/default/index.html: -10
[2017-03-26 17:25:34] EDIT alumni_networks/views/default/index.html: 0
[2017-03-26 17:25:34] EDIT alumni_networks/views/default/index.html: 0
[2017-03-26 17:25:50] EDIT alumni_networks/views/default/index.html: 10
[2017-03-26 17:25:50] EDIT alumni_networks/views/default/index.html: 0
[2017-03-26 17:25:50] EDIT alumni_networks/views/default/index.html: 0
[2017-03-26 17:33:41] EDIT alumni_networks/views/default/index.html: 0
[2017-03-26 17:33:41] EDIT alumni_networks/views/default/index.html: 0
[2017-03-26 17:33:42] EDIT alumni_networks/views/default/index.html: 0
[2017-03-26 17:33:42] EDIT alumni_networks/views/default/index.html: 0
[2017-03-26 17:34:46] EDIT alumni_networks/views/default/index.html: 0
[2017-03-26 17:34:47] EDIT alumni_networks/views/default/index.html: 0
[2017-03-26 17:34:47] EDIT alumni_networks/views/default/index.html: 0
[2017-03-26 17:34:47] EDIT alumni_networks/views/default/index.html: 0
[2017-03-26 17:35:01] EDIT alumni_networks/views/default/index.html: 0
[2017-03-26 17:35:02] EDIT alumni_networks/views/default/index.html: 0
[2017-03-26 17:35:02] EDIT alumni_networks/views/default/index.html: 0
[2017-03-26 17:37:14] EDIT alumni_networks/views/default/index.html: 0
[2017-03-26 17:37:15] EDIT alumni_networks/views/default/index.html: 0
[2017-03-26 17:37:15] EDIT alumni_networks/views/default/index.html: 0
[2017-03-26 17:37:15] EDIT alumni_networks/views/default/index.html: 0
[2017-03-26 17:53:06] EDIT alumni_networks/views/default/index.html: 0
[2017-03-26 17:53:06] EDIT alumni_networks/views/default/index.html: 0
[2017-03-26 17:53:07] EDIT alumni_networks/views/default/index.html: 0
[2017-03-26 17:53:07] EDIT alumni_networks/views/default/index.html: 0
[2017-03-26 18:00:04] EDIT alumni_networks/views/default/index.html: 0
[2017-03-26 18:02:12] EDIT alumni_networks/static/css/web2py-bootstrap3.css: 0
[2017-03-26 18:02:12] EDIT alumni_networks/static/css/web2py-bootstrap3.css: 0
[2017-03-26 18:02:13] EDIT alumni_networks/static/css/web2py-bootstrap3.css: 0
[2017-03-26 18:02:13] EDIT alumni_networks/static/css/web2py-bootstrap3.css: 0
[2017-03-26 18:02:13] EDIT alumni_networks/static/css/web2py-bootstrap3.css: 0
[2017-03-26 18:02:31] EDIT alumni_networks/static/css/web2py-bootstrap3.css: 0
[2017-03-26 18:02:31] EDIT alumni_networks/static/css/web2py-bootstrap3.css: 0
[2017-03-26 18:02:31] EDIT alumni_networks/static/css/web2py-bootstrap3.css: 0
[2017-03-26 18:02:31] EDIT alumni_networks/static/css/web2py-bootstrap3.css: 0
[2017-03-26 18:03:05] EDIT alumni_networks/static/css/web2py-bootstrap3.css: 1
[2017-03-26 18:03:06] EDIT alumni_networks/static/css/web2py-bootstrap3.css: 0
[2017-03-26 18:03:07] EDIT alumni_networks/static/css/web2py-bootstrap3.css: 0
[2017-03-26 18:03:07] EDIT alumni_networks/static/css/web2py-bootstrap3.css: 0
[2017-03-26 18:03:07] EDIT alumni_networks/static/css/web2py-bootstrap3.css: 0
[2017-03-26 18:03:07] EDIT alumni_networks/static/css/web2py-bootstrap3.css: 0
[2017-03-26 18:03:07] EDIT alumni_networks/static/css/web2py-bootstrap3.css: 0
[2017-03-26 18:03:08] EDIT alumni_networks/static/css/web2py-bootstrap3.css: 0
[2017-03-26 18:03:08] EDIT alumni_networks/static/css/web2py-bootstrap3.css: 0
[2017-03-26 18:03:10] EDIT alumni_networks/static/css/web2py-bootstrap3.css: 0
[2017-03-26 18:03:23] EDIT alumni_networks/static/css/web2py-bootstrap3.css: -1
[2017-03-26 18:03:23] EDIT alumni_networks/static/css/web2py-bootstrap3.css: 0
[2017-03-26 18:03:23] EDIT alumni_networks/static/css/web2py-bootstrap3.css: 0
[2017-03-26 18:03:24] EDIT alumni_networks/static/css/web2py-bootstrap3.css: 0
[2017-03-26 18:03:24] EDIT alumni_networks/static/css/web2py-bootstrap3.css: 0
[2017-03-26 18:07:15] EDIT alumni_networks/views/default/index.html: -29
[2017-03-26 18:07:15] EDIT alumni_networks/views/default/index.html: 0
[2017-03-26 18:07:15] EDIT alumni_networks/views/default/index.html: 0
[2017-03-26 18:07:15] EDIT alumni_networks/views/default/index.html: 0
[2017-03-26 18:08:09] EDIT alumni_networks/views/default/index.html: -8
[2017-03-26 18:08:09] EDIT alumni_networks/views/default/index.html: 0
[2017-03-26 18:08:09] EDIT alumni_networks/views/default/index.html: 0
[2017-03-26 18:08:12] EDIT alumni_networks/views/default/index.html: 8
[2017-03-26 18:08:12] EDIT alumni_networks/views/default/index.html: 0
[2017-03-26 18:08:12] EDIT alumni_networks/views/default/index.html: 0
[2017-03-26 18:09:00] EDIT alumni_networks/static/css/web2py-bootstrap3.css: 11
[2017-03-26 18:09:00] EDIT alumni_networks/static/css/web2py-bootstrap3.css: 0
[2017-03-26 18:09:00] EDIT alumni_networks/static/css/web2py-bootstrap3.css: 0
[2017-03-26 18:09:00] EDIT alumni_networks/static/css/web2py-bootstrap3.css: 0
[2017-03-26 18:09:12] EDIT alumni_networks/views/default/index.html: -2
[2017-03-26 18:09:12] EDIT alumni_networks/views/default/index.html: 0
[2017-03-26 18:09:12] EDIT alumni_networks/views/default/index.html: 0
[2017-03-26 18:09:13] EDIT alumni_networks/views/default/index.html: 0
[2017-03-26 18:09:13] EDIT alumni_networks/views/default/index.html: 0
[2017-03-26 18:09:13] EDIT alumni_networks/views/default/index.html: 0
[2017-03-26 18:09:23] EDIT alumni_networks/views/default/index.html: 2
[2017-03-26 18:09:23] EDIT alumni_networks/views/default/index.html: 0
[2017-03-26 18:09:23] EDIT alumni_networks/views/default/index.html: 0
[2017-03-26 18:09:23] EDIT alumni_networks/views/default/index.html: 0
[2017-03-26 18:09:49] EDIT alumni_networks/views/default/index.html: 1
[2017-03-26 18:09:50] EDIT alumni_networks/views/default/index.html: 0
[2017-03-26 18:10:05] EDIT alumni_networks/views/default/index.html: -2
[2017-03-26 18:10:05] EDIT alumni_networks/views/default/index.html: 0
[2017-03-26 18:10:05] EDIT alumni_networks/views/default/index.html: 0
[2017-03-26 18:12:09] EDIT alumni_networks/views/default/index.html: 7
[2017-03-26 18:12:09] EDIT alumni_networks/views/default/index.html: 0
[2017-03-26 18:12:10] EDIT alumni_networks/views/default/index.html: 0
[2017-03-26 18:12:15] EDIT alumni_networks/static/css/web2py-bootstrap3.css: -11
[2017-03-26 18:12:37] EDIT alumni_networks/static/css/web2py-bootstrap3.css: 56
[2017-03-26 18:12:37] EDIT alumni_networks/static/css/web2py-bootstrap3.css: 0
[2017-03-26 18:12:38] EDIT alumni_networks/static/css/web2py-bootstrap3.css: 0
[2017-03-26 18:12:38] EDIT alumni_networks/static/css/web2py-bootstrap3.css: 0
[2017-03-26 18:12:55] EDIT alumni_networks/static/css/web2py-bootstrap3.css: -56
[2017-03-26 18:12:58] EDIT alumni_networks/views/default/index.html: -14
[2017-03-26 18:12:58] EDIT alumni_networks/views/default/index.html: 0
[2017-03-26 18:12:59] EDIT alumni_networks/views/default/index.html: 0
[2017-03-26 18:14:20] EDIT alumni_networks/views/default/index.html: 24
[2017-03-26 18:14:21] EDIT alumni_networks/views/default/index.html: 0
[2017-03-26 18:14:21] EDIT alumni_networks/views/default/index.html: 0
[2017-03-26 18:14:22] EDIT alumni_networks/views/default/index.html: 0
[2017-03-26 18:14:22] EDIT alumni_networks/views/default/index.html: 0
[2017-03-26 18:14:22] EDIT alumni_networks/views/default/index.html: 0
[2017-03-26 18:14:23] EDIT alumni_networks/views/default/index.html: 0
[2017-03-26 18:14:38] EDIT alumni_networks/views/default/index.html: -23
[2017-03-26 18:14:38] EDIT alumni_networks/views/default/index.html: 0
[2017-03-26 18:14:38] EDIT alumni_networks/views/default/index.html: 0
[2017-03-26 18:14:41] EDIT alumni_networks/static/css/web2py-bootstrap3.css: 22
[2017-03-26 18:14:42] EDIT alumni_networks/static/css/web2py-bootstrap3.css: 0
[2017-03-26 18:14:42] EDIT alumni_networks/static/css/web2py-bootstrap3.css: 0
[2017-03-26 18:14:42] EDIT alumni_networks/static/css/web2py-bootstrap3.css: 0
[2017-03-26 18:14:42] EDIT alumni_networks/static/css/web2py-bootstrap3.css: 0
[2017-03-26 18:15:06] EDIT alumni_networks/views/default/index.html: 12
[2017-03-26 18:15:06] EDIT alumni_networks/views/default/index.html: 0
[2017-03-26 18:15:07] EDIT alumni_networks/views/default/index.html: 0
[2017-03-26 18:15:07] EDIT alumni_networks/views/default/index.html: 0
[2017-03-26 18:15:07] EDIT alumni_networks/views/default/index.html: 0
[2017-03-26 18:15:18] EDIT alumni_networks/views/default/index.html: -13
[2017-03-26 18:15:18] EDIT alumni_networks/views/default/index.html: 0
[2017-03-26 18:15:18] EDIT alumni_networks/views/default/index.html: 0
[2017-03-26 18:15:18] EDIT alumni_networks/views/default/index.html: 0
[2017-03-26 18:15:52] EDIT alumni_networks/static/css/web2py-bootstrap3.css: -22
[2017-03-26 18:15:53] EDIT alumni_networks/static/css/web2py-bootstrap3.css: 0
[2017-03-26 18:15:53] EDIT alumni_networks/static/css/web2py-bootstrap3.css: 0
[2017-03-26 18:16:43] EDIT alumni_networks/views/default/index.html: 31
[2017-03-26 18:16:43] EDIT alumni_networks/views/default/index.html: 0
[2017-03-26 18:16:44] EDIT alumni_networks/views/default/index.html: 0
[2017-03-26 18:16:53] EDIT alumni_networks/static/css/web2py-bootstrap3.css: 0
[2017-03-26 18:16:54] EDIT alumni_networks/static/css/web2py-bootstrap3.css: 0
[2017-03-26 18:16:54] EDIT alumni_networks/static/css/web2py-bootstrap3.css: 0
[2017-03-26 18:16:56] EDIT alumni_networks/views/default/index.html: 0
[2017-03-26 18:16:57] EDIT alumni_networks/views/default/index.html: 0
[2017-03-26 18:16:57] EDIT alumni_networks/views/default/index.html: 0
[2017-03-26 18:16:57] EDIT alumni_networks/views/default/index.html: 0
[2017-03-26 18:17:22] EDIT alumni_networks/static/css/web2py-bootstrap3.css: 19
[2017-03-26 18:17:23] EDIT alumni_networks/static/css/web2py-bootstrap3.css: 0
[2017-03-26 18:17:23] EDIT alumni_networks/static/css/web2py-bootstrap3.css: 0
[2017-03-26 18:17:23] EDIT alumni_networks/static/css/web2py-bootstrap3.css: 0
[2017-03-26 18:17:23] EDIT alumni_networks/static/css/web2py-bootstrap3.css: 0
[2017-03-26 18:17:23] EDIT alumni_networks/static/css/web2py-bootstrap3.css: 0
[2017-03-26 18:17:24] EDIT alumni_networks/static/css/web2py-bootstrap3.css: 0
[2017-03-26 18:17:24] EDIT alumni_networks/static/css/web2py-bootstrap3.css: 0
[2017-03-26 18:17:24] EDIT alumni_networks/static/css/web2py-bootstrap3.css: 0
[2017-03-26 18:17:49] EDIT alumni_networks/static/css/web2py-bootstrap3.css: 0
[2017-03-26 18:17:50] EDIT alumni_networks/static/css/web2py-bootstrap3.css: 0
[2017-03-26 18:17:50] EDIT alumni_networks/static/css/web2py-bootstrap3.css: 0
[2017-03-26 18:17:51] EDIT alumni_networks/static/css/web2py-bootstrap3.css: 0
[2017-03-26 18:19:16] EDIT alumni_networks/views/layout.html: -8
[2017-03-26 18:19:16] EDIT alumni_networks/views/layout.html: 0
[2017-03-26 18:19:17] EDIT alumni_networks/views/layout.html: 0
[2017-03-26 18:19:17] EDIT alumni_networks/views/layout.html: 0
[2017-03-26 18:19:17] EDIT alumni_networks/views/layout.html: 0
[2017-03-26 18:19:20] EDIT alumni_networks/views/layout.html: 0
[2017-03-26 18:19:20] EDIT alumni_networks/views/layout.html: 0
[2017-03-26 18:19:20] EDIT alumni_networks/views/layout.html: 0
[2017-03-26 18:19:23] EDIT alumni_networks/views/layout.html: 0
[2017-03-26 18:19:23] EDIT alumni_networks/views/layout.html: 0
[2017-03-26 18:19:23] EDIT alumni_networks/views/layout.html: 0
[2017-03-26 18:20:09] EDIT alumni_networks/static/css/web2py-bootstrap3.css: 0
[2017-03-26 18:20:09] EDIT alumni_networks/static/css/web2py-bootstrap3.css: 0
[2017-03-26 18:20:10] EDIT alumni_networks/static/css/web2py-bootstrap3.css: 0
[2017-03-26 18:20:24] EDIT alumni_networks/views/default/index.html: -21
[2017-03-26 18:20:25] EDIT alumni_networks/views/default/index.html: 0
[2017-03-26 18:20:25] EDIT alumni_networks/views/default/index.html: 0
[2017-03-26 18:20:46] EDIT alumni_networks/views/default/index.html: 19
[2017-03-26 18:20:46] EDIT alumni_networks/views/default/index.html: 0
[2017-03-26 18:20:47] EDIT alumni_networks/views/default/index.html: 0
[2017-03-26 18:21:06] EDIT alumni_networks/views/default/index.html: 2
[2017-03-26 18:21:07] EDIT alumni_networks/views/default/index.html: 0
[2017-03-26 18:21:07] EDIT alumni_networks/views/default/index.html: 0
[2017-03-26 18:21:20] EDIT alumni_networks/views/default/index.html: 0
[2017-03-26 18:29:41] EDIT alumni_networks/views/default/index.html: 0
[2017-03-26 18:30:18] EDIT alumni_networks/views/default/index.html: 0
[2017-03-26 18:30:18] EDIT alumni_networks/views/default/index.html: 0
[2017-03-26 18:30:54] EDIT alumni_networks/views/default/index.html: 0
[2017-03-26 18:31:11] EDIT alumni_networks/views/default/index.html: 0
[2017-03-26 18:31:11] EDIT alumni_networks/views/default/index.html: 0
[2017-03-26 18:31:13] EDIT alumni_networks/views/default/index.html: 0
[2017-03-26 18:31:33] EDIT alumni_networks/views/default/index.html: 0
[2017-03-26 18:31:33] EDIT alumni_networks/views/default/index.html: 0
[2017-03-26 18:31:33] EDIT alumni_networks/views/default/index.html: 0
[2017-03-26 18:31:39] EDIT alumni_networks/views/default/index.html: -2
[2017-03-26 18:31:51] EDIT alumni_networks/views/layout.html: 8
[2017-03-26 18:31:51] EDIT alumni_networks/views/layout.html: 0
[2017-03-26 18:31:52] EDIT alumni_networks/views/layout.html: 0
[2017-03-26 18:31:52] EDIT alumni_networks/views/layout.html: 0
[2017-03-26 18:32:26] EDIT alumni_networks/views/layout.html: -8
[2017-03-26 18:32:26] EDIT alumni_networks/views/layout.html: 0
[2017-03-26 18:32:26] EDIT alumni_networks/views/layout.html: 0
[2017-03-26 18:32:26] EDIT alumni_networks/views/layout.html: 0
[2017-03-26 18:32:27] EDIT alumni_networks/views/layout.html: 0
[2017-03-26 18:32:39] EDIT alumni_networks/views/layout.html: 8
[2017-03-26 18:32:39] EDIT alumni_networks/views/layout.html: 0
[2017-03-26 18:32:40] EDIT alumni_networks/views/layout.html: 0
[2017-03-26 18:32:40] EDIT alumni_networks/views/layout.html: 0
[2017-03-26 18:33:08] EDIT alumni_networks/views/layout.html: -8
[2017-03-26 18:33:09] EDIT alumni_networks/views/layout.html: 0
[2017-03-26 18:33:09] EDIT alumni_networks/views/layout.html: 0
[2017-03-26 18:33:09] EDIT alumni_networks/views/layout.html: 0
[2017-03-26 18:33:09] EDIT alumni_networks/views/layout.html: 0
[2017-03-26 18:33:35] EDIT alumni_networks/views/default/index.html: 2
[2017-03-26 18:33:35] EDIT alumni_networks/views/default/index.html: 0
[2017-03-26 18:33:35] EDIT alumni_networks/views/default/index.html: 0
[2017-03-26 18:33:50] EDIT alumni_networks/views/default/index.html: 0
[2017-03-26 18:33:59] EDIT alumni_networks/views/default/index.html: 0
[2017-03-26 18:34:08] EDIT alumni_networks/views/default/index.html: -2
[2017-03-26 18:34:08] EDIT alumni_networks/views/default/index.html: 0
[2017-03-26 18:34:08] EDIT alumni_networks/views/default/index.html: 0
[2017-03-26 18:34:09] EDIT alumni_networks/views/default/index.html: 0
[2017-03-26 18:35:28] EDIT alumni_networks/views/default/index.html: 1
[2017-03-26 18:35:40] EDIT alumni_networks/views/default/index.html: 0
[2017-03-26 18:35:40] EDIT alumni_networks/views/default/index.html: 0
[2017-03-26 18:35:40] EDIT alumni_networks/views/default/index.html: 0
[2017-03-26 18:35:41] EDIT alumni_networks/views/default/index.html: 0
[2017-03-26 18:35:41] EDIT alumni_networks/views/default/index.html: 0
[2017-03-26 18:35:45] EDIT alumni_networks/views/default/index.html: 0
[2017-03-26 18:35:45] EDIT alumni_networks/views/default/index.html: 0
[2017-03-26 18:35:45] EDIT alumni_networks/views/default/index.html: 0
[2017-03-26 18:36:02] EDIT alumni_networks/views/default/index.html: 0
[2017-03-26 18:36:02] EDIT alumni_networks/views/default/index.html: 0
[2017-03-26 18:36:02] EDIT alumni_networks/views/default/index.html: 0
[2017-03-26 18:36:16] EDIT alumni_networks/views/default/index.html: 0
[2017-03-26 18:36:17] EDIT alumni_networks/views/default/index.html: 0
[2017-03-26 18:36:17] EDIT alumni_networks/views/default/index.html: 0
[2017-03-26 18:36:17] EDIT alumni_networks/views/default/index.html: 0
[2017-03-26 18:37:14] EDIT alumni_networks/views/default/index.html: 0
[2017-03-26 18:37:14] EDIT alumni_networks/views/default/index.html: 0
[2017-03-26 18:37:14] EDIT alumni_networks/views/default/index.html: 0
[2017-03-26 18:37:14] EDIT alumni_networks/views/default/index.html: 0
[2017-03-26 18:37:34] EDIT alumni_networks/views/default/index.html: 0
[2017-03-26 18:37:34] EDIT alumni_networks/views/default/index.html: 0
[2017-03-26 18:40:14] EDIT alumni_networks/views/default/index.html: 0
[2017-03-26 18:40:14] EDIT alumni_networks/views/default/index.html: 0
[2017-03-26 18:40:14] EDIT alumni_networks/views/default/index.html: 0
[2017-03-26 18:49:04] EDIT alumni_networks/views/default/index.html: 0
[2017-03-26 18:49:11] EDIT alumni_networks/views/default/index.html: 0
[2017-03-26 18:50:11] CREATE db1.py: 0
[2017-03-26 18:50:58] EDIT alumni_networks/models/db1.py: 2
[2017-03-26 18:51:33] EDIT alumni_networks/models/db1.py: 1
[2017-03-26 18:51:49] EDIT alumni_networks/models/db1.py: 0
[2017-03-26 18:51:55] EDIT alumni_networks/models/db1.py: 0
[2017-03-26 18:51:55] EDIT alumni_networks/models/db1.py: 0
[2017-03-26 18:51:55] EDIT alumni_networks/models/db1.py: 0
[2017-03-26 18:52:09] EDIT alumni_networks/models/db1.py: 1
[2017-03-26 18:52:09] EDIT alumni_networks/models/db1.py: 0
[2017-03-26 18:52:09] EDIT alumni_networks/models/db1.py: 0
[2017-03-26 18:52:09] EDIT alumni_networks/models/db1.py: 0
[2017-03-26 18:53:09] EDIT alumni_networks/models/db1.py: 7
[2017-03-26 18:53:17] EDIT alumni_networks/models/db1.py: 1
[2017-03-26 18:53:35] EDIT alumni_networks/models/db1.py: -4
[2017-03-26 18:53:46] EDIT alumni_networks/models/db1.py: 0
[2017-03-26 18:55:16] EDIT alumni_networks/models/db1.py: 0
[2017-03-26 18:55:48] EDIT alumni_networks/models/db1.py: 1
[2017-03-26 18:55:49] EDIT alumni_networks/models/db1.py: 0
[2017-03-26 18:55:49] EDIT alumni_networks/models/db1.py: 0
[2017-03-26 18:55:49] EDIT alumni_networks/models/db1.py: 0
[2017-03-26 18:55:49] EDIT alumni_networks/models/db1.py: 0
[2017-03-26 18:55:50] EDIT alumni_networks/models/db1.py: 0
[2017-03-26 18:56:43] EDIT alumni_networks/models/db1.py: 0
[2017-03-26 18:57:28] EDIT alumni_networks/models/db1.py: 0
[2017-03-26 18:57:28] EDIT alumni_networks/models/db1.py: 0
[2017-03-26 18:57:28] EDIT alumni_networks/models/db1.py: 0
[2017-03-26 18:57:38] EDIT alumni_networks/models/db1.py: 0
[2017-03-26 18:57:39] EDIT alumni_networks/models/db1.py: 0
[2017-03-26 18:57:39] EDIT alumni_networks/models/db1.py: 0
[2017-03-26 18:57:41] EDIT alumni_networks/models/db1.py: 0
[2017-03-26 18:57:44] EDIT alumni_networks/models/db1.py: 0
[2017-03-26 18:57:44] EDIT alumni_networks/models/db1.py: 0
[2017-03-26 18:57:44] EDIT alumni_networks/models/db1.py: 0
[2017-03-26 18:57:48] EDIT alumni_networks/models/db1.py: 0
[2017-03-26 18:57:48] EDIT alumni_networks/models/db1.py: 0
[2017-03-26 18:57:48] EDIT alumni_networks/models/db1.py: 0
[2017-03-26 18:57:48] EDIT alumni_networks/models/db1.py: 0
[2017-03-26 18:57:49] EDIT alumni_networks/models/db1.py: 0
[2017-03-26 18:57:49] EDIT alumni_networks/models/db1.py: 0
[2017-03-26 18:57:49] EDIT alumni_networks/models/db1.py: 0
[2017-03-26 18:57:52] EDIT alumni_networks/models/db1.py: 0
[2017-03-26 18:57:53] EDIT alumni_networks/models/db1.py: 0
[2017-03-26 18:57:55] EDIT alumni_networks/models/db1.py: 0
[2017-03-26 18:57:55] EDIT alumni_networks/models/db1.py: 0
[2017-03-26 18:57:55] EDIT alumni_networks/models/db1.py: 0
[2017-03-26 18:58:23] EDIT alumni_networks/models/db1.py: 0
[2017-03-26 19:00:51] EDIT alumni_networks/controllers/default.py: 2
[2017-03-26 19:00:55] EDIT alumni_networks/controllers/default.py: 0
[2017-03-26 19:02:25] EDIT alumni_networks/controllers/default.py: 2
[2017-03-26 19:03:03] EDIT alumni_networks/controllers/default.py: -2
[2017-03-26 19:03:12] EDIT alumni_networks/controllers/default.py: 0
[2017-03-26 19:03:23] EDIT alumni_networks/controllers/default.py: 0
[2017-03-26 19:03:23] EDIT alumni_networks/controllers/default.py: 0
[2017-03-26 19:03:23] EDIT alumni_networks/controllers/default.py: 0
[2017-03-26 19:03:24] EDIT alumni_networks/controllers/default.py: 0
[2017-03-26 19:03:24] EDIT alumni_networks/controllers/default.py: 0
[2017-03-26 19:03:24] EDIT alumni_networks/controllers/default.py: 0
[2017-03-26 19:03:24] EDIT alumni_networks/controllers/default.py: 0
[2017-03-26 19:03:25] EDIT alumni_networks/controllers/default.py: 0
[2017-03-26 19:03:25] EDIT alumni_networks/controllers/default.py: 0
[2017-03-26 19:03:48] EDIT alumni_networks/controllers/default.py: 0
[2017-03-26 19:03:48] EDIT alumni_networks/controllers/default.py: 0
[2017-03-26 19:03:48] EDIT alumni_networks/controllers/default.py: 0
[2017-03-26 19:04:00] EDIT alumni_networks/views/default/index.html: -2
[2017-03-26 19:04:00] EDIT alumni_networks/views/default/index.html: 0
[2017-03-26 19:04:00] EDIT alumni_networks/views/default/index.html: 0
[2017-03-26 19:04:48] EDIT alumni_networks/views/default/index.html: 2
[2017-03-26 19:05:51] EDIT alumni_networks/views/default/index.html: 6
[2017-03-26 19:05:51] EDIT alumni_networks/views/default/index.html: 0
[2017-03-26 19:05:51] EDIT alumni_networks/views/default/index.html: 0
[2017-03-26 19:05:51] EDIT alumni_networks/views/default/index.html: 0
[2017-03-26 19:05:52] EDIT alumni_networks/views/default/index.html: 0
[2017-03-26 19:05:52] EDIT alumni_networks/views/default/index.html: 0
[2017-03-26 19:08:14] EDIT alumni_networks/controllers/default.py: -1
[2017-03-26 19:08:15] EDIT alumni_networks/controllers/default.py: 0
[2017-03-26 19:08:15] EDIT alumni_networks/controllers/default.py: 0
[2017-03-26 19:08:15] EDIT alumni_networks/controllers/default.py: 0
[2017-03-26 19:08:23] EDIT alumni_networks/controllers/default.py: 2
[2017-03-26 19:08:24] EDIT alumni_networks/controllers/default.py: 0
[2017-03-26 19:11:13] EDIT alumni_networks/views/default/index.html: 3
[2017-03-26 19:11:14] EDIT alumni_networks/views/default/index.html: 0
[2017-03-26 19:11:14] EDIT alumni_networks/views/default/index.html: 0
[2017-03-26 19:11:14] EDIT alumni_networks/views/default/index.html: 0
[2017-03-26 19:11:16] EDIT alumni_networks/views/default/index.html: 0
[2017-03-26 19:11:36] EDIT alumni_networks/views/default/index.html: 0
[2017-03-26 19:11:36] EDIT alumni_networks/views/default/index.html: 0
[2017-03-26 19:11:36] EDIT alumni_networks/views/default/index.html: 0
[2017-03-26 19:14:57] EDIT alumni_networks/views/default/index.html: 0
[2017-03-26 19:14:57] EDIT alumni_networks/views/default/index.html: 0
[2017-03-26 19:14:58] EDIT alumni_networks/views/default/index.html: 0
[2017-03-26 19:14:59] EDIT alumni_networks/views/default/index.html: 0
[2017-03-26 19:15:46] EDIT alumni_networks/views/default/index.html: 0
[2017-03-26 19:17:35] EDIT alumni_networks/views/default/index.html: 0
[2017-03-26 19:17:35] EDIT alumni_networks/views/default/index.html: 0
[2017-03-26 19:17:52] EDIT alumni_networks/views/default/index.html: 0
[2017-03-26 19:19:33] EDIT alumni_networks/views/default/index.html: 0
[2017-03-26 19:19:33] EDIT alumni_networks/views/default/index.html: 0
[2017-03-26 19:21:48] EDIT alumni_networks/views/default/index.html: 0
[2017-03-26 19:21:48] EDIT alumni_networks/views/default/index.html: 0
[2017-03-26 19:21:48] EDIT alumni_networks/views/default/index.html: 0
[2017-03-26 19:22:28] CREATE shownews.html: 0
[2017-03-26 19:23:06] DELETE alumni_networks/views/default/index.html.1: -51
[2017-03-26 19:23:16] EDIT alumni_networks/views/default/index.html: 0
[2017-03-26 19:23:16] EDIT alumni_networks/views/default/index.html: 0
[2017-03-26 19:23:17] EDIT alumni_networks/views/default/index.html: 0
[2017-03-26 19:23:58] EDIT alumni_networks/controllers/default.py: 7
[2017-03-26 19:24:14] EDIT alumni_networks/controllers/default.py: 0
[2017-03-26 19:24:14] EDIT alumni_networks/controllers/default.py: 0
[2017-03-26 19:24:15] EDIT alumni_networks/controllers/default.py: 0
[2017-03-26 19:24:15] EDIT alumni_networks/controllers/default.py: 0
[2017-03-26 19:24:15] EDIT alumni_networks/controllers/default.py: 0
[2017-03-26 19:24:37] EDIT alumni_networks/controllers/default.py: 0
[2017-03-26 19:24:38] EDIT alumni_networks/controllers/default.py: 0
[2017-03-26 19:24:38] EDIT alumni_networks/controllers/default.py: 0
[2017-03-26 19:25:24] EDIT alumni_networks/controllers/default.py: 0
[2017-03-26 19:25:25] EDIT alumni_networks/controllers/default.py: 0
[2017-03-26 19:25:25] EDIT alumni_networks/controllers/default.py: 0
[2017-03-26 19:25:41] EDIT alumni_networks/controllers/default.py: 0
[2017-03-26 19:25:50] EDIT alumni_networks/controllers/default.py: 0
[2017-03-26 19:26:13] EDIT alumni_networks/controllers/default.py: 0
[2017-03-26 19:26:36] EDIT alumni_networks/controllers/default.py: 0
[2017-03-26 19:26:36] EDIT alumni_networks/controllers/default.py: 0
[2017-03-26 19:26:36] EDIT alumni_networks/controllers/default.py: 0
[2017-03-26 19:26:36] EDIT alumni_networks/controllers/default.py: 0
[2017-03-26 19:26:37] EDIT alumni_networks/controllers/default.py: 0
[2017-03-26 19:26:43] EDIT alumni_networks/controllers/default.py: 1
[2017-03-26 19:28:16] DELETE alumni_networks/views/shownews.html: -3
[2017-03-26 19:28:33] CREATE default/shownews.html: 0
[2017-03-26 19:29:02] EDIT alumni_networks/views/default/shownews.html: 10
[2017-03-26 19:29:10] EDIT alumni_networks/views/default/shownews.html: 0
[2017-03-26 19:29:20] EDIT alumni_networks/views/default/shownews.html: 0
[2017-03-26 19:29:20] EDIT alumni_networks/views/default/shownews.html: 0
[2017-03-26 19:29:20] EDIT alumni_networks/views/default/shownews.html: 0
[2017-03-26 19:29:21] EDIT alumni_networks/views/default/shownews.html: 0
[2017-03-26 19:29:21] EDIT alumni_networks/views/default/shownews.html: 0
[2017-03-26 19:29:21] EDIT alumni_networks/views/default/shownews.html: 0
[2017-03-26 19:33:12] EDIT alumni_networks/controllers/default.py: 0
[2017-03-26 19:33:12] EDIT alumni_networks/controllers/default.py: 0
[2017-03-26 19:33:12] EDIT alumni_networks/controllers/default.py: 0
[2017-03-26 19:34:56] EDIT alumni_networks/controllers/default.py: 0
[2017-03-26 19:34:56] EDIT alumni_networks/controllers/default.py: 0
[2017-03-26 19:34:57] EDIT alumni_networks/controllers/default.py: 0
[2017-03-26 19:37:41] EDIT alumni_networks/views/default/index.html: 0
[2017-03-26 19:37:41] EDIT alumni_networks/views/default/index.html: 0
[2017-03-26 19:37:42] EDIT alumni_networks/views/default/index.html: 0
[2017-03-26 19:37:42] EDIT alumni_networks/views/default/index.html: 0
[2017-03-26 19:37:42] EDIT alumni_networks/views/default/index.html: 0
[2017-03-26 19:37:42] EDIT alumni_networks/views/default/index.html: 0
[2017-03-26 19:37:43] EDIT alumni_networks/views/default/index.html: 0
[2017-03-26 19:37:43] EDIT alumni_networks/views/default/index.html: 0
[2017-03-26 19:38:03] EDIT alumni_networks/views/default/index.html: 0
[2017-03-26 19:38:25] EDIT alumni_networks/views/default/index.html: 0
[2017-03-26 19:38:25] EDIT alumni_networks/views/default/index.html: 0
[2017-03-26 19:38:25] EDIT alumni_networks/views/default/index.html: 0
[2017-03-26 19:39:04] EDIT alumni_networks/views/default/index.html: 0
[2017-03-26 19:39:04] EDIT alumni_networks/views/default/index.html: 0
[2017-03-26 19:39:05] EDIT alumni_networks/views/default/index.html: 0
[2017-03-26 19:39:05] EDIT alumni_networks/views/default/index.html: 0
[2017-03-26 19:39:05] EDIT alumni_networks/views/default/index.html: 0
[2017-03-26 19:40:23] EDIT alumni_networks/views/default/index.html: 0
[2017-03-26 19:40:54] EDIT alumni_networks/views/default/index.html: 0
[2017-03-26 19:40:56] EDIT alumni_networks/views/default/index.html: 0
[2017-03-26 19:40:56] EDIT alumni_networks/views/default/index.html: 0
[2017-03-26 19:40:57] EDIT alumni_networks/views/default/index.html: 0
[2017-03-26 19:40:57] EDIT alumni_networks/views/default/index.html: 0
[2017-03-26 19:41:22] EDIT alumni_networks/views/default/index.html: 0
[2017-03-26 19:41:22] EDIT alumni_networks/views/default/index.html: 0
[2017-03-26 19:44:18] EDIT alumni_networks/views/default/index.html: 0
[2017-03-26 19:44:18] EDIT alumni_networks/views/default/index.html: 0
[2017-03-26 19:44:18] EDIT alumni_networks/views/default/index.html: 0
[2017-03-26 19:44:52] EDIT alumni_networks/views/default/index.html: 0
[2017-03-26 19:45:58] EDIT alumni_networks/views/default/index.html: 0
[2017-03-26 19:46:00] EDIT alumni_networks/views/default/index.html: 0
[2017-03-26 19:46:00] EDIT alumni_networks/views/default/index.html: 0
[2017-03-26 19:46:01] EDIT alumni_networks/views/default/index.html: 0
[2017-03-26 19:46:03] EDIT alumni_networks/views/default/index.html: 0
[2017-03-26 19:46:03] EDIT alumni_networks/views/default/index.html: 0
[2017-03-26 19:46:04] EDIT alumni_networks/views/default/index.html: 0
[2017-03-26 19:46:07] EDIT alumni_networks/views/default/index.html: 0
[2017-03-26 23:39:36] EDIT alumni_networks/views/default/index.html: 0
[2017-03-26 23:39:42] EDIT alumni_networks/views/default/index.html: 0
[2017-03-26 23:40:38] DELETE alumni_networks/views/default/index.html.1: -51
[2017-03-26 23:40:54] EDIT alumni_networks/views/default/index.html: 0
[2017-03-26 23:40:54] EDIT alumni_networks/views/default/index.html: 0
[2017-03-26 23:41:33] EDIT alumni_networks/views/default/index.html: 0
[2017-03-26 23:41:38] EDIT alumni_networks/views/default/index.html: 0
[2017-03-26 23:41:38] EDIT alumni_networks/views/default/index.html: 0
[2017-03-26 23:41:38] EDIT alumni_networks/views/default/index.html: 0
[2017-03-26 23:41:38] EDIT alumni_networks/views/default/index.html: 0
[2017-03-26 23:41:39] EDIT alumni_networks/views/default/index.html: 0
[2017-03-26 23:43:00] EDIT alumni_networks/views/default/index.html: 0
[2017-03-26 23:43:00] EDIT alumni_networks/views/default/index.html: 0
[2017-03-26 23:43:00] EDIT alumni_networks/views/default/index.html: 0
[2017-03-26 23:43:00] EDIT alumni_networks/views/default/index.html: 0
[2017-03-26 23:43:01] EDIT alumni_networks/views/default/index.html: 0
[2017-03-26 23:43:18] EDIT alumni_networks/views/default/index.html: 0
[2017-03-26 23:43:18] EDIT alumni_networks/views/default/index.html: 0
[2017-03-26 23:43:18] EDIT alumni_networks/views/default/index.html: 0
[2017-03-26 23:43:18] EDIT alumni_networks/views/default/index.html: 0
[2017-03-26 23:43:20] EDIT alumni_networks/views/default/index.html: 0
[2017-03-26 23:43:20] EDIT alumni_networks/views/default/index.html: 0
[2017-03-26 23:43:20] EDIT alumni_networks/views/default/index.html: 0
[2017-03-26 23:43:20] EDIT alumni_networks/views/default/index.html: 0
[2017-03-26 23:43:20] EDIT alumni_networks/views/default/index.html: 0
[2017-03-26 23:43:51] EDIT alumni_networks/views/default/index.html: 1
[2017-03-26 23:43:51] EDIT alumni_networks/views/default/index.html: 0
[2017-03-26 23:43:52] EDIT alumni_networks/views/default/index.html: 0
[2017-03-26 23:44:03] EDIT alumni_networks/views/default/index.html: 0
[2017-03-26 23:44:03] EDIT alumni_networks/views/default/index.html: 0
[2017-03-26 23:44:03] EDIT alumni_networks/views/default/index.html: 0
[2017-03-26 23:44:03] EDIT alumni_networks/views/default/index.html: 0
[2017-03-26 23:44:04] EDIT alumni_networks/views/default/index.html: 0
[2017-03-26 23:47:14] EDIT alumni_networks/views/default/index.html: 0
[2017-03-26 23:47:14] EDIT alumni_networks/views/default/index.html: 0
[2017-03-26 23:47:14] EDIT alumni_networks/views/default/index.html: 0
[2017-03-26 23:47:14] EDIT alumni_networks/views/default/index.html: 0
[2017-03-26 23:47:37] EDIT alumni_networks/views/default/index.html: 0
[2017-03-26 23:50:00] EDIT alumni_networks/views/default/index.html: 0
[2017-03-26 23:50:00] EDIT alumni_networks/views/default/index.html: 0
[2017-03-26 23:50:00] EDIT alumni_networks/views/default/index.html: 0
[2017-03-26 23:50:00] EDIT alumni_networks/views/default/index.html: 0
[2017-03-26 23:50:01] EDIT alumni_networks/views/default/index.html: 0
[2017-03-26 23:50:01] EDIT alumni_networks/views/default/index.html: 0
[2017-03-26 23:50:01] EDIT alumni_networks/views/default/index.html: 0
[2017-03-26 23:50:01] EDIT alumni_networks/views/default/index.html: 0
[2017-03-26 23:50:02] EDIT alumni_networks/views/default/index.html: 0
[2017-03-26 23:50:02] EDIT alumni_networks/views/default/index.html: 0
[2017-03-26 23:50:02] EDIT alumni_networks/views/default/index.html: 0
[2017-03-26 23:50:02] EDIT alumni_networks/views/default/index.html: 0
[2017-03-26 23:50:02] EDIT alumni_networks/views/default/index.html: 0
[2017-03-26 23:50:03] EDIT alumni_networks/views/default/index.html: 0
[2017-03-26 23:50:03] EDIT alumni_networks/views/default/index.html: 0
[2017-03-26 23:50:03] EDIT alumni_networks/views/default/index.html: 0
[2017-03-26 23:50:03] EDIT alumni_networks/views/default/index.html: 0
[2017-03-26 23:50:03] EDIT alumni_networks/views/default/index.html: 0
[2017-03-26 23:50:41] EDIT alumni_networks/views/default/index.html: 0
[2017-03-26 23:50:41] EDIT alumni_networks/views/default/index.html: 0
[2017-03-26 23:50:42] EDIT alumni_networks/views/default/index.html: 0
[2017-03-26 23:50:42] EDIT alumni_networks/views/default/index.html: 0
[2017-03-26 23:52:21] EDIT alumni_networks/views/default/index.html: 0
[2017-03-26 23:52:21] EDIT alumni_networks/views/default/index.html: 0
[2017-03-26 23:52:22] EDIT alumni_networks/views/default/index.html: 0
[2017-03-26 23:52:22] EDIT alumni_networks/views/default/index.html: 0
[2017-03-26 23:55:09] EDIT alumni_networks/views/default/index.html: 1
[2017-03-26 23:55:09] EDIT alumni_networks/views/default/index.html: 0
[2017-03-26 23:55:12] EDIT alumni_networks/views/default/index.html: 0
[2017-03-26 23:55:12] EDIT alumni_networks/views/default/index.html: 0
[2017-03-26 23:55:13] EDIT alumni_networks/views/default/index.html: 0
[2017-03-26 23:55:13] EDIT alumni_networks/views/default/index.html: 0
[2017-03-26 23:55:31] EDIT alumni_networks/views/default/index.html: 0
[2017-03-26 23:55:31] EDIT alumni_networks/views/default/index.html: 0
[2017-03-26 23:55:35] EDIT alumni_networks/views/default/index.html: -1
[2017-03-26 23:55:35] EDIT alumni_networks/views/default/index.html: 0
[2017-03-26 23:55:36] EDIT alumni_networks/views/default/index.html: 0
[2017-03-26 23:55:36] EDIT alumni_networks/views/default/index.html: 0
[2017-03-26 23:55:36] EDIT alumni_networks/views/default/index.html: 0
[2017-03-26 23:55:36] EDIT alumni_networks/views/default/index.html: 0
[2017-03-26 23:56:37] EDIT alumni_networks/views/default/index.html: 0
[2017-03-26 23:56:38] EDIT alumni_networks/views/default/index.html: 0
[2017-03-26 23:56:38] EDIT alumni_networks/views/default/index.html: 0
[2017-03-26 23:56:38] EDIT alumni_networks/views/default/index.html: 0
[2017-03-26 23:56:39] EDIT alumni_networks/views/default/index.html: 0
[2017-03-26 23:56:39] EDIT alumni_networks/views/default/index.html: 0
[2017-03-26 23:56:39] EDIT alumni_networks/views/default/index.html: 0
[2017-03-26 23:57:07] EDIT alumni_networks/views/default/index.html: 0
[2017-03-26 23:57:07] EDIT alumni_networks/views/default/index.html: 0
[2017-03-26 23:57:08] EDIT alumni_networks/views/default/index.html: 0
[2017-03-26 23:57:08] EDIT alumni_networks/views/default/index.html: 0
[2017-03-26 23:57:20] EDIT alumni_networks/views/default/index.html: 0
[2017-03-26 23:57:35] EDIT alumni_networks/views/default/index.html: -1
[2017-03-26 23:57:36] EDIT alumni_networks/views/default/index.html: 0
[2017-03-26 23:57:36] EDIT alumni_networks/views/default/index.html: 0
[2017-03-26 23:58:21] EDIT alumni_networks/views/default/index.html: 0
[2017-03-26 23:58:21] EDIT alumni_networks/views/default/index.html: 0
[2017-03-26 23:58:21] EDIT alumni_networks/views/default/index.html: 0
[2017-03-26 23:59:30] EDIT alumni_networks/views/default/index.html: 0
[2017-03-26 23:59:57] EDIT alumni_networks/views/default/index.html: 0
[2017-03-26 23:59:57] EDIT alumni_networks/views/default/index.html: 0
[2017-03-26 23:59:57] EDIT alumni_networks/views/default/index.html: 0
[2017-03-26 23:59:57] EDIT alumni_networks/views/default/index.html: 0
[2017-03-26 23:59:58] EDIT alumni_networks/views/default/index.html: 0
[2017-03-26 23:59:58] EDIT alumni_networks/views/default/index.html: 0
[2017-03-27 00:01:40] EDIT alumni_networks/static/css/web2py-bootstrap3.css: 0
[2017-03-27 00:02:17] EDIT alumni_networks/static/css/web2py-bootstrap3.css: 0
[2017-03-27 00:02:17] EDIT alumni_networks/static/css/web2py-bootstrap3.css: 0
[2017-03-27 00:02:17] EDIT alumni_networks/static/css/web2py-bootstrap3.css: 0
[2017-03-27 00:02:17] EDIT alumni_networks/static/css/web2py-bootstrap3.css: 0
[2017-03-27 00:02:32] EDIT alumni_networks/static/css/web2py-bootstrap3.css: 0
[2017-03-27 00:02:32] EDIT alumni_networks/static/css/web2py-bootstrap3.css: 0
[2017-03-27 00:02:32] EDIT alumni_networks/static/css/web2py-bootstrap3.css: 0
[2017-03-27 00:02:32] EDIT alumni_networks/static/css/web2py-bootstrap3.css: 0
[2017-03-27 00:02:33] EDIT alumni_networks/static/css/web2py-bootstrap3.css: 0
[2017-03-27 00:02:33] EDIT alumni_networks/static/css/web2py-bootstrap3.css: 0
[2017-03-27 00:02:42] EDIT alumni_networks/static/css/web2py-bootstrap3.css: -3
[2017-03-27 00:02:43] EDIT alumni_networks/static/css/web2py-bootstrap3.css: 0
[2017-03-27 00:02:43] EDIT alumni_networks/static/css/web2py-bootstrap3.css: 0
[2017-03-27 00:02:43] EDIT alumni_networks/static/css/web2py-bootstrap3.css: 0
[2017-03-27 00:02:51] EDIT alumni_networks/static/css/web2py-bootstrap3.css: 3
[2017-03-27 00:02:51] EDIT alumni_networks/static/css/web2py-bootstrap3.css: 0
[2017-03-27 00:02:51] EDIT alumni_networks/static/css/web2py-bootstrap3.css: 0
[2017-03-27 00:02:58] EDIT alumni_networks/static/css/web2py-bootstrap3.css: -5
[2017-03-27 00:02:58] EDIT alumni_networks/static/css/web2py-bootstrap3.css: 0
[2017-03-27 00:02:59] EDIT alumni_networks/static/css/web2py-bootstrap3.css: 0
[2017-03-27 00:03:06] EDIT alumni_networks/static/css/web2py-bootstrap3.css: 5
[2017-03-27 00:03:06] EDIT alumni_networks/static/css/web2py-bootstrap3.css: 0
[2017-03-27 00:03:07] EDIT alumni_networks/static/css/web2py-bootstrap3.css: 0
[2017-03-27 00:03:41] EDIT alumni_networks/views/default/index.html: -1
[2017-03-27 00:03:41] EDIT alumni_networks/views/default/index.html: 0
[2017-03-27 00:03:41] EDIT alumni_networks/views/default/index.html: 0
[2017-03-27 00:03:41] EDIT alumni_networks/views/default/index.html: 0
[2017-03-27 00:03:42] EDIT alumni_networks/views/default/index.html: 0
[2017-03-27 00:04:15] EDIT alumni_networks/views/default/index.html: 0
[2017-03-27 00:04:15] EDIT alumni_networks/views/default/index.html: 0
[2017-03-27 00:04:15] EDIT alumni_networks/views/default/index.html: 0
[2017-03-27 00:04:15] EDIT alumni_networks/views/default/index.html: 0
[2017-03-27 00:04:16] EDIT alumni_networks/views/default/index.html: 0
[2017-03-27 00:04:16] EDIT alumni_networks/views/default/index.html: 0
[2017-03-27 00:04:16] EDIT alumni_networks/views/default/index.html: 0
[2017-03-27 00:07:46] EDIT alumni_networks/views/layout.html: -1
[2017-03-27 00:07:46] EDIT alumni_networks/views/layout.html: 0
[2017-03-27 00:07:46] EDIT alumni_networks/views/layout.html: 0
[2017-03-27 00:07:46] EDIT alumni_networks/views/layout.html: 0
[2017-03-27 00:08:04] EDIT alumni_networks/views/layout.html: 1
[2017-03-27 00:08:04] EDIT alumni_networks/views/layout.html: 0
[2017-03-27 00:08:04] EDIT alumni_networks/views/layout.html: 0
[2017-03-27 00:08:05] EDIT alumni_networks/views/layout.html: 0
[2017-03-27 00:09:35] EDIT alumni_networks/static/css/web2py-bootstrap3.css: -8
[2017-03-27 00:09:35] EDIT alumni_networks/static/css/web2py-bootstrap3.css: 0
[2017-03-27 00:09:35] EDIT alumni_networks/static/css/web2py-bootstrap3.css: 0
[2017-03-27 00:09:36] EDIT alumni_networks/static/css/web2py-bootstrap3.css: 0
[2017-03-27 00:09:36] EDIT alumni_networks/static/css/web2py-bootstrap3.css: 0
[2017-03-27 00:09:36] EDIT alumni_networks/static/css/web2py-bootstrap3.css: 0
[2017-03-27 00:09:36] EDIT alumni_networks/static/css/web2py-bootstrap3.css: 0
[2017-03-27 00:10:11] EDIT alumni_networks/static/css/web2py-bootstrap3.css: 8
[2017-03-27 00:10:11] EDIT alumni_networks/static/css/web2py-bootstrap3.css: 0
[2017-03-27 00:10:12] EDIT alumni_networks/static/css/web2py-bootstrap3.css: 0
[2017-03-27 00:10:12] EDIT alumni_networks/static/css/web2py-bootstrap3.css: 0
[2017-03-27 00:10:12] EDIT alumni_networks/static/css/web2py-bootstrap3.css: 0
[2017-03-27 00:10:12] EDIT alumni_networks/static/css/web2py-bootstrap3.css: 0
[2017-03-27 00:15:26] EDIT alumni_networks/views/default/index.html: 1
[2017-03-27 00:15:27] EDIT alumni_networks/views/default/index.html: 0
[2017-03-27 00:15:27] EDIT alumni_networks/views/default/index.html: 0
[2017-03-27 00:15:27] EDIT alumni_networks/views/default/index.html: 0
[2017-03-27 00:15:27] EDIT alumni_networks/views/default/index.html: 0
[2017-03-27 00:15:28] EDIT alumni_networks/views/default/index.html: 0
[2017-03-27 00:16:51] EDIT alumni_networks/views/default/index.html: 0
[2017-03-27 00:18:39] EDIT alumni_networks/views/default/index.html: 0
[2017-03-27 00:18:40] EDIT alumni_networks/views/default/index.html: 0
[2017-03-27 00:18:40] EDIT alumni_networks/views/default/index.html: 0
[2017-03-27 00:19:08] EDIT alumni_networks/views/default/index.html: 0
[2017-03-27 00:19:08] EDIT alumni_networks/views/default/index.html: 0
[2017-03-27 00:19:08] EDIT alumni_networks/views/default/index.html: 0
[2017-03-27 00:19:23] EDIT alumni_networks/views/default/index.html: 0
[2017-03-27 00:19:30] EDIT alumni_networks/views/default/index.html: 0
[2017-03-27 00:19:31] EDIT alumni_networks/views/default/index.html: 0
[2017-03-27 00:19:31] EDIT alumni_networks/views/default/index.html: 0
[2017-03-27 00:19:31] EDIT alumni_networks/views/default/index.html: 0
[2017-03-27 00:19:31] EDIT alumni_networks/views/default/index.html: 0
[2017-03-27 00:19:31] EDIT alumni_networks/views/default/index.html: 0
[2017-03-27 00:19:32] EDIT alumni_networks/views/default/index.html: 0
[2017-03-27 00:19:32] EDIT alumni_networks/views/default/index.html: 0
[2017-03-27 00:19:32] EDIT alumni_networks/views/default/index.html: 0
[2017-03-27 00:26:30] EDIT alumni_networks/views/layout.html: 1
[2017-03-27 00:26:31] EDIT alumni_networks/views/layout.html: 0
[2017-03-27 00:26:31] EDIT alumni_networks/views/layout.html: 0
[2017-03-27 00:26:31] EDIT alumni_networks/views/layout.html: 0
[2017-03-27 00:26:31] EDIT alumni_networks/views/layout.html: 0
[2017-03-27 00:26:35] EDIT alumni_networks/views/layout.html: 0
[2017-03-27 00:26:35] EDIT alumni_networks/views/layout.html: 0
[2017-03-27 00:26:35] EDIT alumni_networks/views/layout.html: 0
[2017-03-27 00:26:35] EDIT alumni_networks/views/layout.html: 0
[2017-03-27 00:26:57] EDIT alumni_networks/views/default/index.html: -21
[2017-03-27 00:26:57] EDIT alumni_networks/views/default/index.html: 0
[2017-03-27 00:26:57] EDIT alumni_networks/views/default/index.html: 0
[2017-03-27 00:27:37] EDIT alumni_networks/views/layout.html: -1
[2017-03-27 00:27:47] EDIT alumni_networks/views/layout.html: 1
[2017-03-27 00:27:47] EDIT alumni_networks/views/layout.html: 0
[2017-03-27 00:27:48] EDIT alumni_networks/views/layout.html: 0
[2017-03-27 00:27:48] EDIT alumni_networks/views/layout.html: 0
[2017-03-27 00:27:52] EDIT alumni_networks/views/layout.html: 0
[2017-03-27 00:27:52] EDIT alumni_networks/views/layout.html: 0
[2017-03-27 00:27:52] EDIT alumni_networks/views/layout.html: 0
[2017-03-27 00:27:52] EDIT alumni_networks/views/layout.html: 0
[2017-03-27 00:27:52] EDIT alumni_networks/views/layout.html: 0
[2017-03-27 00:28:53] EDIT alumni_networks/views/default/index.html: -2
[2017-03-27 00:28:53] EDIT alumni_networks/views/default/index.html: 0
[2017-03-27 00:28:53] EDIT alumni_networks/views/default/index.html: 0
[2017-03-27 00:28:54] EDIT alumni_networks/views/default/index.html: 0
[2017-03-27 00:28:54] EDIT alumni_networks/views/default/index.html: 0
[2017-03-27 00:29:17] EDIT alumni_networks/views/default/index.html: 2
[2017-03-27 00:29:18] EDIT alumni_networks/views/default/index.html: 0
[2017-03-27 00:29:18] EDIT alumni_networks/views/default/index.html: 0
[2017-03-27 00:29:28] EDIT alumni_networks/views/default/index.html: -2
[2017-03-27 00:29:28] EDIT alumni_networks/views/default/index.html: 0
[2017-03-27 00:29:28] EDIT alumni_networks/views/default/index.html: 0
[2017-03-27 00:29:29] EDIT alumni_networks/views/default/index.html: 0
[2017-03-27 00:29:50] EDIT alumni_networks/views/default/index.html: 2
[2017-03-27 00:30:32] DELETE alumni_networks/views/default/index.html.1: -30
[2017-03-27 00:30:50] EDIT alumni_networks/views/default/index.html: 0
[2017-03-27 00:30:50] EDIT alumni_networks/views/default/index.html: 0
[2017-03-27 00:30:50] EDIT alumni_networks/views/default/index.html: 0
[2017-03-27 00:30:50] EDIT alumni_networks/views/default/index.html: 0
[2017-03-27 00:31:40] EDIT alumni_networks/views/layout.html: -1
[2017-03-27 00:31:41] EDIT alumni_networks/views/layout.html: 0
[2017-03-27 00:31:41] EDIT alumni_networks/views/layout.html: 0
[2017-03-27 00:31:41] EDIT alumni_networks/views/layout.html: 0
[2017-03-27 00:31:42] EDIT alumni_networks/views/layout.html: 0
[2017-03-27 00:31:43] EDIT alumni_networks/views/layout.html: 0
[2017-03-27 00:31:54] EDIT alumni_networks/views/layout.html: 1
[2017-03-27 00:31:54] EDIT alumni_networks/views/layout.html: 0
[2017-03-27 00:31:55] EDIT alumni_networks/views/layout.html: 0
[2017-03-27 00:31:55] EDIT alumni_networks/views/layout.html: 0
[2017-03-27 00:32:02] EDIT alumni_networks/views/layout.html: -1
[2017-03-27 00:32:02] EDIT alumni_networks/views/layout.html: 0
[2017-03-27 00:32:02] EDIT alumni_networks/views/layout.html: 0
[2017-03-27 00:32:09] EDIT alumni_networks/views/layout.html: 1
[2017-03-27 00:32:34] DELETE alumni_networks/views/layout.html.1: -120
[2017-03-27 00:33:05] EDIT alumni_networks/views/layout.html: -1
[2017-03-27 00:33:43] EDIT alumni_networks/views/layout.html: 1
[2017-03-27 00:33:56] EDIT alumni_networks/views/layout.html: -1
[2017-03-27 00:34:04] EDIT alumni_networks/views/layout.html: 1
[2017-03-27 00:34:12] EDIT alumni_networks/views/layout.html: -1
[2017-03-27 00:34:23] EDIT alumni_networks/views/layout.html: 1
[2017-03-27 00:34:27] EDIT alumni_networks/views/layout.html: -1
[2017-03-27 00:34:40] EDIT alumni_networks/views/layout.html: 1
[2017-03-27 00:35:08] EDIT alumni_networks/views/default/index.html: 0
[2017-03-27 00:35:08] EDIT alumni_networks/views/default/index.html: 0
[2017-03-27 00:35:08] EDIT alumni_networks/views/default/index.html: 0
[2017-03-27 00:35:41] EDIT alumni_networks/views/default/index.html: -2
[2017-03-27 00:36:06] EDIT alumni_networks/views/default/index.html: 2
[2017-03-27 00:39:04] EDIT alumni_networks/static/css/web2py-bootstrap3.css: 1
[2017-03-27 00:39:08] EDIT alumni_networks/static/css/web2py-bootstrap3.css: 0
[2017-03-27 00:39:08] EDIT alumni_networks/static/css/web2py-bootstrap3.css: 0
[2017-03-27 00:39:08] EDIT alumni_networks/static/css/web2py-bootstrap3.css: 0
[2017-03-27 00:39:09] EDIT alumni_networks/static/css/web2py-bootstrap3.css: 0
[2017-03-27 00:39:20] EDIT alumni_networks/views/default/index.html: 0
[2017-03-27 00:40:32] EDIT alumni_networks/static/css/web2py-bootstrap3.css: 0
[2017-03-27 00:41:13] EDIT alumni_networks/static/css/web2py-bootstrap3.css: -1
[2017-03-27 00:41:13] EDIT alumni_networks/static/css/web2py-bootstrap3.css: 0
[2017-03-27 00:41:13] EDIT alumni_networks/static/css/web2py-bootstrap3.css: 0
[2017-03-27 00:42:12] EDIT alumni_networks/static/css/web2py-bootstrap3.css: -3
[2017-03-27 00:42:15] EDIT alumni_networks/static/css/web2py-bootstrap3.css: 0
[2017-03-27 00:42:36] EDIT alumni_networks/views/default/index.html: 0
[2017-03-27 00:43:04] EDIT alumni_networks/views/default/index.html: -1
[2017-03-27 00:43:05] EDIT alumni_networks/views/default/index.html: 0
[2017-03-27 00:43:05] EDIT alumni_networks/views/default/index.html: 0
[2017-03-27 00:43:24] EDIT alumni_networks/views/layout.html: -1
[2017-03-27 00:43:41] EDIT alumni_networks/views/layout.html: 1
[2017-03-27 00:43:43] EDIT alumni_networks/views/layout.html: 0
[2017-03-27 00:44:59] EDIT alumni_networks/static/css/web2py-bootstrap3.css: 3
[2017-03-27 00:45:00] EDIT alumni_networks/static/css/web2py-bootstrap3.css: 0
[2017-03-27 00:45:00] EDIT alumni_networks/static/css/web2py-bootstrap3.css: 0
[2017-03-27 00:45:17] EDIT alumni_networks/static/css/web2py-bootstrap3.css: 0
[2017-03-27 00:45:45] EDIT alumni_networks/static/css/web2py-bootstrap3.css: -19
[2017-03-27 00:49:30] EDIT alumni_networks/static/css/web2py-bootstrap3.css: 1
[2017-03-27 00:49:30] EDIT alumni_networks/static/css/web2py-bootstrap3.css: 0
[2017-03-27 00:49:30] EDIT alumni_networks/static/css/web2py-bootstrap3.css: 0
[2017-03-27 00:49:36] EDIT alumni_networks/static/css/web2py-bootstrap3.css: 0
[2017-03-27 00:49:36] EDIT alumni_networks/static/css/web2py-bootstrap3.css: 0
[2017-03-27 00:50:12] EDIT alumni_networks/static/css/web2py-bootstrap3.css: 2
[2017-03-27 00:50:16] EDIT alumni_networks/static/css/web2py-bootstrap3.css: 0
[2017-03-27 00:50:38] EDIT alumni_networks/views/default/index.html: 0
[2017-03-27 00:50:39] EDIT alumni_networks/views/default/index.html: 0
[2017-03-27 00:51:00] EDIT alumni_networks/static/css/web2py-bootstrap3.css: -2
[2017-03-27 00:51:05] EDIT alumni_networks/static/css/web2py-bootstrap3.css: 0
[2017-03-27 00:52:25] EDIT alumni_networks/static/css/web2py-bootstrap3.css: -1
[2017-03-27 00:52:26] EDIT alumni_networks/static/css/web2py-bootstrap3.css: 0
[2017-03-27 00:52:26] EDIT alumni_networks/static/css/web2py-bootstrap3.css: 0
[2017-03-27 00:53:43] EDIT alumni_networks/static/css/web2py-bootstrap3.css: -3
[2017-03-27 00:54:00] EDIT alumni_networks/views/default/index.html: 0
[2017-03-27 00:54:18] EDIT alumni_networks/views/default/index.html: 0
[2017-03-27 00:54:18] EDIT alumni_networks/views/default/index.html: 0
[2017-03-27 00:54:18] EDIT alumni_networks/views/default/index.html: 0
[2017-03-27 00:54:52] EDIT alumni_networks/static/css/web2py-bootstrap3.css: 1
[2017-03-27 00:54:55] EDIT alumni_networks/static/css/web2py-bootstrap3.css: 0
[2017-03-27 00:55:07] EDIT alumni_networks/static/css/web2py-bootstrap3.css: 0
[2017-03-27 00:55:21] EDIT alumni_networks/static/css/web2py-bootstrap3.css: 0
[2017-03-27 00:55:34] EDIT alumni_networks/static/css/web2py-bootstrap3.css: -1
[2017-03-27 00:57:33] EDIT alumni_networks/views/default/index.html: 0
[2017-03-27 00:58:27] EDIT alumni_networks/static/css/mystyle.css: 3
[2017-03-27 00:58:43] EDIT alumni_networks/static/css/mystyle.css: -3
[2017-03-27 00:59:09] EDIT alumni_networks/views/default/index.html: 0
[2017-03-27 00:59:33] EDIT alumni_networks/views/default/index.html: 0
[2017-03-27 00:59:53] EDIT alumni_networks/views/default/index.html: 0
[2017-03-27 01:02:22] EDIT alumni_networks/views/default/index.html: 0
[2017-03-27 01:02:26] EDIT alumni_networks/views/default/index.html: 0
[2017-03-27 01:02:42] EDIT alumni_networks/views/default/index.html: 0
[2017-03-27 01:03:46] EDIT alumni_networks/views/default/index.html: 0
[2017-03-27 01:03:51] EDIT alumni_networks/views/default/index.html: 0
[2017-03-27 01:03:59] EDIT alumni_networks/views/default/index.html: 0
[2017-03-27 01:04:30] EDIT alumni_networks/views/default/index.html: -2
[2017-03-27 01:04:49] EDIT alumni_networks/views/default/index.html: 2
[2017-03-27 01:04:58] EDIT alumni_networks/views/default/index.html: -2
[2017-03-27 01:05:14] EDIT alumni_networks/views/default/index.html: 2
[2017-03-27 01:05:38] EDIT alumni_networks/views/default/index.html: 0
[2017-03-27 01:06:07] EDIT alumni_networks/views/default/index.html: 0
[2017-03-27 01:07:23] EDIT alumni_networks/static/css/web2py-bootstrap3.css: 3
[2017-03-27 01:07:23] EDIT alumni_networks/static/css/web2py-bootstrap3.css: 0
[2017-03-27 01:08:18] EDIT alumni_networks/static/css/web2py-bootstrap3.css: 0
[2017-03-27 01:08:38] EDIT alumni_networks/static/css/web2py-bootstrap3.css: 0
[2017-03-27 01:10:36] EDIT alumni_networks/views/default/index.html: 8
[2017-03-27 01:10:58] EDIT alumni_networks/views/default/index.html: 0
[2017-03-27 01:11:16] EDIT alumni_networks/views/default/index.html: 0
[2017-03-27 01:11:30] EDIT alumni_networks/views/default/index.html: 0
[2017-03-27 01:12:43] EDIT alumni_networks/views/default/index.html: 0
[2017-03-27 01:12:44] EDIT alumni_networks/views/default/index.html: 0
[2017-03-27 01:12:44] EDIT alumni_networks/views/default/index.html: 0
[2017-03-27 01:12:45] EDIT alumni_networks/views/default/index.html: 0
[2017-03-27 01:12:45] EDIT alumni_networks/views/default/index.html: 0
[2017-03-27 01:12:45] EDIT alumni_networks/views/default/index.html: 0
[2017-03-27 01:13:02] EDIT alumni_networks/views/default/index.html: 0
[2017-03-27 01:13:33] EDIT alumni_networks/views/default/index.html: 0
[2017-03-27 01:16:30] EDIT alumni_networks/views/default/index.html: 0
[2017-03-27 01:17:18] EDIT alumni_networks/views/default/index.html: 0
[2017-03-27 01:17:19] EDIT alumni_networks/views/default/index.html: 0
[2017-03-27 01:17:21] EDIT alumni_networks/views/default/index.html: 0
[2017-03-27 01:54:25] EDIT alumni_networks/views/default/index.html: 0
[2017-03-27 01:55:40] EDIT alumni_networks/views/default/index.html: 0
[2017-03-27 01:55:46] EDIT alumni_networks/views/default/index.html: 0
[2017-03-27 01:55:47] EDIT alumni_networks/views/default/index.html: 0
[2017-03-27 01:55:47] EDIT alumni_networks/views/default/index.html: 0
[2017-03-27 01:56:22] EDIT alumni_networks/views/default/index.html: 0
[2017-03-27 01:56:22] EDIT alumni_networks/views/default/index.html: 0
[2017-03-27 01:56:23] EDIT alumni_networks/views/default/index.html: 0
[2017-03-27 01:56:28] EDIT alumni_networks/views/default/index.html: 0
[2017-03-27 01:56:46] EDIT alumni_networks/views/default/index.html: 0
[2017-03-27 01:57:13] EDIT alumni_networks/static/css/mystyle.css: 3
[2017-03-27 01:57:13] EDIT alumni_networks/static/css/mystyle.css: 0
[2017-03-27 01:57:13] EDIT alumni_networks/static/css/mystyle.css: 0
[2017-03-27 01:57:27] EDIT alumni_networks/views/default/index.html: -5
[2017-03-27 01:57:35] EDIT alumni_networks/views/default/index.html: 2
[2017-03-27 01:57:44] EDIT alumni_networks/views/default/index.html: 3
[2017-03-27 01:57:51] EDIT alumni_networks/static/css/mystyle.css: -3
[2017-03-27 01:57:51] EDIT alumni_networks/static/css/mystyle.css: 0
[2017-03-27 01:57:55] EDIT alumni_networks/views/default/index.html: 0
[2017-03-27 01:58:25] EDIT alumni_networks/views/default/index.html: 0
[2017-03-27 01:58:25] EDIT alumni_networks/views/default/index.html: 0
[2017-03-27 01:58:30] EDIT alumni_networks/views/default/index.html: -3
[2017-03-27 01:58:30] EDIT alumni_networks/views/default/index.html: 0
[2017-03-27 01:58:33] EDIT alumni_networks/views/default/index.html: 0
[2017-03-27 01:58:33] EDIT alumni_networks/views/default/index.html: 0
[2017-03-27 01:58:46] EDIT alumni_networks/views/default/index.html: 0
[2017-03-27 01:59:09] EDIT alumni_networks/views/default/index.html: 0
[2017-03-27 02:05:46] EDIT alumni_networks/views/default/index.html: 0
[2017-03-27 02:06:10] EDIT alumni_networks/views/default/index.html: 0
[2017-03-27 02:19:10] EDIT alumni_networks/views/default/index.html: 0
[2017-03-27 02:21:28] EDIT alumni_networks/static/css/mystyle.css: 0
[2017-03-27 02:21:28] EDIT alumni_networks/static/css/mystyle.css: 0
[2017-03-27 02:21:31] EDIT alumni_networks/static/css/mystyle.css: 0
[2017-03-27 02:25:35] EDIT alumni_networks/views/default/index.html: 0
[2017-03-27 02:25:35] EDIT alumni_networks/views/default/index.html: 0
[2017-03-27 02:25:35] EDIT alumni_networks/views/default/index.html: 0
[2017-03-27 02:27:46] EDIT alumni_networks/views/default/index.html: 1
[2017-03-27 02:27:46] EDIT alumni_networks/views/default/index.html: 0
[2017-03-27 02:30:34] EDIT alumni_networks/views/default/shownews.html: 0
[2017-03-27 02:30:54] EDIT alumni_networks/views/default/shownews.html: 0
[2017-03-27 02:31:19] EDIT alumni_networks/views/default/shownews.html: 0
[2017-03-27 02:31:19] EDIT alumni_networks/views/default/shownews.html: 0
[2017-03-27 02:31:19] EDIT alumni_networks/views/default/shownews.html: 0
[2017-03-27 02:31:20] EDIT alumni_networks/views/default/shownews.html: 0
[2017-03-27 02:31:20] EDIT alumni_networks/views/default/shownews.html: 0
[2017-03-27 02:31:20] EDIT alumni_networks/views/default/shownews.html: 0
[2017-03-27 02:31:21] EDIT alumni_networks/views/default/shownews.html: 0
[2017-03-27 02:31:23] EDIT alumni_networks/views/default/shownews.html: 0
[2017-03-27 02:44:55] EDIT alumni_networks/models/db1.py: 0
[2017-03-27 02:44:57] EDIT alumni_networks/models/db1.py: 0
[2017-03-27 02:45:49] EDIT alumni_networks/controllers/default.py: 1
[2017-03-27 02:45:50] EDIT alumni_networks/controllers/default.py: 0
[2017-03-27 02:46:44] EDIT alumni_networks/controllers/default.py: -1
[2017-03-27 02:46:44] EDIT alumni_networks/controllers/default.py: 0
[2017-03-27 02:46:45] EDIT alumni_networks/controllers/default.py: 0
[2017-03-27 02:57:52] EDIT alumni_networks/controllers/default.py: 1
[2017-03-27 02:58:04] EDIT alumni_networks/controllers/default.py: 0
[2017-03-27 02:59:49] EDIT alumni_networks/views/default/shownews.html: 2
[2017-03-27 03:03:09] EDIT alumni_networks/views/default/shownews.html: 0
[2017-03-27 03:04:35] EDIT alumni_networks/views/default/shownews.html: 0
[2017-03-27 03:04:52] EDIT alumni_networks/views/default/shownews.html: 0
[2017-03-27 03:04:53] EDIT alumni_networks/views/default/shownews.html: 0
[2017-03-27 03:04:53] EDIT alumni_networks/views/default/shownews.html: 0
[2017-03-27 03:04:53] EDIT alumni_networks/views/default/shownews.html: 0
[2017-03-27 03:06:41] EDIT alumni_networks/views/default/shownews.html: 0
[2017-03-27 03:06:41] EDIT alumni_networks/views/default/shownews.html: 0
[2017-03-27 03:06:42] EDIT alumni_networks/views/default/shownews.html: 0
[2017-03-27 03:06:51] EDIT alumni_networks/views/default/shownews.html: 0
[2017-03-27 03:07:46] EDIT alumni_networks/views/default/shownews.html: 0
[2017-03-27 03:07:51] EDIT alumni_networks/views/default/shownews.html: 0
[2017-03-27 03:07:51] EDIT alumni_networks/views/default/shownews.html: 0
[2017-03-27 03:07:52] EDIT alumni_networks/views/default/shownews.html: 0
[2017-03-27 03:07:52] EDIT alumni_networks/views/default/shownews.html: 0
[2017-03-27 03:08:14] EDIT alumni_networks/views/default/shownews.html: 0
[2017-03-27 03:09:44] EDIT alumni_networks/views/default/shownews.html: 3
[2017-03-27 03:10:00] EDIT alumni_networks/views/default/shownews.html: 0
[2017-03-27 03:10:00] EDIT alumni_networks/views/default/shownews.html: 0
[2017-03-27 03:10:01] EDIT alumni_networks/views/default/shownews.html: 0
[2017-03-27 03:10:01] EDIT alumni_networks/views/default/shownews.html: 0
[2017-03-27 03:10:12] EDIT alumni_networks/views/default/shownews.html: 0
[2017-03-27 03:10:37] EDIT alumni_networks/views/default/shownews.html: 0
[2017-03-27 03:10:38] EDIT alumni_networks/views/default/shownews.html: 0
[2017-03-27 03:10:38] EDIT alumni_networks/views/default/shownews.html: 0
[2017-03-27 03:10:38] EDIT alumni_networks/views/default/shownews.html: 0
[2017-03-27 03:10:38] EDIT alumni_networks/views/default/shownews.html: 0
[2017-03-27 03:10:39] EDIT alumni_networks/views/default/shownews.html: 0
[2017-03-27 03:10:46] EDIT alumni_networks/views/default/shownews.html: 0
[2017-03-27 03:11:43] EDIT alumni_networks/models/db1.py: 0
[2017-03-27 03:11:44] EDIT alumni_networks/models/db1.py: 0
[2017-03-27 03:11:44] EDIT alumni_networks/models/db1.py: 0
[2017-03-27 03:11:47] EDIT alumni_networks/models/db1.py: 0
[2017-03-27 03:13:13] EDIT alumni_networks/views/default/shownews.html: 0
[2017-03-27 03:14:03] EDIT alumni_networks/views/default/shownews.html: 1
[2017-03-27 03:14:23] EDIT alumni_networks/views/default/shownews.html: 0
[2017-03-27 03:14:24] EDIT alumni_networks/views/default/shownews.html: 0
[2017-03-27 03:14:24] EDIT alumni_networks/views/default/shownews.html: 0
[2017-03-27 03:15:26] EDIT alumni_networks/views/default/shownews.html: 0
[2017-03-27 03:15:27] EDIT alumni_networks/views/default/shownews.html: 0
[2017-03-27 03:15:46] EDIT alumni_networks/views/default/shownews.html: 0
[2017-03-27 03:16:19] EDIT alumni_networks/views/default/shownews.html: 0
[2017-03-27 03:16:21] EDIT alumni_networks/views/default/shownews.html: 0
[2017-03-27 03:17:38] EDIT alumni_networks/views/default/shownews.html: 0
[2017-03-27 03:20:21] EDIT alumni_networks/views/default/shownews.html: 2
[2017-03-27 03:20:21] EDIT alumni_networks/views/default/shownews.html: 0
[2017-03-27 03:20:22] EDIT alumni_networks/views/default/shownews.html: 0
[2017-03-27 03:32:17] EDIT alumni_networks/models/db.py: 5
[2017-03-27 11:57:17] EDIT alumni_networks/models/db.py: -5
[2017-03-27 11:57:26] EDIT alumni_networks/models/db.py: 0
[2017-03-27 12:09:57] EDIT alumni_networks/models/db.py: 5
[2017-03-27 12:13:41] EDIT alumni_networks/models/db.py: 1
[2017-03-27 12:14:21] EDIT alumni_networks/models/db.py: 0
[2017-03-27 12:18:39] EDIT alumni_networks/models/db.py: 0
[2017-03-27 12:18:48] EDIT alumni_networks/models/db.py: 0
[2017-03-27 12:19:27] EDIT alumni_networks/models/db.py: 0
[2017-03-27 12:20:04] EDIT alumni_networks/models/db.py: 0
[2017-03-27 12:20:04] EDIT alumni_networks/models/db.py: 0
[2017-03-27 12:21:42] EDIT alumni_networks/models/db.py: 0
[2017-03-27 12:22:59] EDIT alumni_networks/models/db.py: 1
[2017-03-27 12:24:20] EDIT alumni_networks/models/db.py: 2
[2017-03-27 12:24:27] EDIT alumni_networks/models/db.py: 0
[2017-03-27 12:25:08] EDIT alumni_networks/models/db.py: 0
[2017-03-27 12:26:35] EDIT alumni_networks/models/db.py: 0
[2017-03-27 12:28:30] EDIT alumni_networks/models/db.py: -6
[2017-03-27 12:29:42] EDIT alumni_networks/models/db.py: 6
[2017-03-27 12:29:45] EDIT alumni_networks/models/db.py: 0
[2017-03-27 12:29:49] EDIT alumni_networks/models/db.py: 0
[2017-03-27 12:32:06] EDIT alumni_networks/views/default/index.html: 3
[2017-03-27 12:32:11] EDIT alumni_networks/views/default/index.html: 0
[2017-03-27 12:47:26] EDIT alumni_networks/models/db.py: 2
[2017-03-27 12:47:39] EDIT alumni_networks/models/db.py: 0
[2017-03-27 12:51:13] EDIT alumni_networks/models/db.py: 0
[2017-03-27 12:51:17] EDIT alumni_networks/models/db.py: -1
[2017-03-27 12:52:02] EDIT alumni_networks/models/db.py: 0
[2017-03-27 12:52:15] EDIT alumni_networks/models/db.py: 0
[2017-03-27 12:52:16] EDIT alumni_networks/models/db.py: 0
[2017-03-27 12:54:02] EDIT alumni_networks/models/db.py: 0
[2017-03-27 12:57:08] EDIT alumni_networks/models/db.py: 3
[2017-03-27 13:00:59] EDIT alumni_networks/models/db.py: 1
[2017-03-27 13:01:05] EDIT alumni_networks/models/db.py: 0
[2017-03-27 13:01:49] EDIT alumni_networks/models/db.py: 0
[2017-03-27 13:06:38] EDIT alumni_networks/models/db.py: 1
[2017-03-27 13:07:19] EDIT alumni_networks/models/db.py: -1
[2017-03-27 13:07:48] EDIT alumni_networks/models/db.py: 0
[2017-03-27 13:08:04] EDIT alumni_networks/models/db.py: 0
[2017-03-27 13:08:09] EDIT alumni_networks/models/db.py: 0
[2017-03-27 13:08:19] EDIT alumni_networks/models/db.py: 0
[2017-03-27 13:08:20] EDIT alumni_networks/models/db.py: 0
[2017-03-27 13:08:53] EDIT alumni_networks/models/db.py: 0
[2017-03-27 13:09:17] EDIT alumni_networks/models/db.py: 0
[2017-03-27 13:09:32] EDIT alumni_networks/models/db.py: 0
[2017-03-27 13:10:04] EDIT alumni_networks/models/db.py: 0
[2017-03-27 13:11:20] EDIT alumni_networks/models/db.py: 0
[2017-03-27 13:11:21] EDIT alumni_networks/models/db.py: 0
[2017-03-27 13:11:52] EDIT alumni_networks/models/db.py: 0
[2017-03-27 13:11:53] EDIT alumni_networks/models/db.py: 0
[2017-03-27 13:15:14] EDIT alumni_networks/models/db.py: 0
[2017-03-27 13:17:45] EDIT alumni_networks/models/db.py: 0
[2017-03-27 13:17:45] EDIT alumni_networks/models/db.py: 0
[2017-03-27 13:17:46] EDIT alumni_networks/models/db.py: 0
[2017-03-27 13:35:45] EDIT alumni_networks/models/db.py: 0
[2017-03-27 13:35:46] EDIT alumni_networks/models/db.py: 0
[2017-03-27 13:35:46] EDIT alumni_networks/models/db.py: 0
[2017-03-27 13:35:46] EDIT alumni_networks/models/db.py: 0
[2017-03-27 13:35:47] EDIT alumni_networks/models/db.py: 0
[2017-03-27 13:35:47] EDIT alumni_networks/models/db.py: 0
[2017-03-27 13:35:47] EDIT alumni_networks/models/db.py: 0
[2017-03-27 13:35:47] EDIT alumni_networks/models/db.py: 0
[2017-03-27 13:37:55] EDIT alumni_networks/models/db.py: 0
[2017-03-27 13:37:56] EDIT alumni_networks/models/db.py: 0
[2017-03-27 13:37:56] EDIT alumni_networks/models/db.py: 0
[2017-03-27 15:53:19] EDIT alumni_networks/models/db.py: 0
[2017-03-27 15:53:19] EDIT alumni_networks/models/db.py: 0
[2017-03-27 15:53:19] EDIT alumni_networks/models/db.py: 0
[2017-03-27 15:53:20] EDIT alumni_networks/models/db.py: 0
[2017-03-27 16:02:34] EDIT alumni_networks/models/db.py: 0
[2017-03-27 16:02:37] EDIT alumni_networks/models/db.py: 0
[2017-03-27 16:06:58] EDIT alumni_networks/models/menu.py: 0
[2017-03-27 16:08:43] EDIT alumni_networks/controllers/default.py: 2
[2017-03-27 16:08:43] EDIT alumni_networks/controllers/default.py: 0
[2017-03-27 16:08:44] EDIT alumni_networks/controllers/default.py: 0
[2017-03-27 16:08:44] EDIT alumni_networks/controllers/default.py: 0
[2017-03-27 16:08:44] EDIT alumni_networks/controllers/default.py: 0
[2017-03-27 16:08:45] EDIT alumni_networks/controllers/default.py: 0
[2017-03-27 16:08:54] EDIT alumni_networks/controllers/default.py: 1
[2017-03-27 16:09:46] CREATE default/members.html: 0
[2017-03-27 16:14:42] EDIT alumni_networks/views/default/members.html: 8
[2017-03-27 16:19:16] EDIT alumni_networks/views/default/members.html: 9
[2017-03-27 16:19:21] EDIT alumni_networks/views/default/members.html: 0
[2017-03-27 16:19:21] EDIT alumni_networks/views/default/members.html: 0
[2017-03-27 16:19:21] EDIT alumni_networks/views/default/members.html: 0
[2017-03-27 16:19:24] EDIT alumni_networks/views/default/members.html: 0
[2017-03-27 16:19:24] EDIT alumni_networks/views/default/members.html: 0
[2017-03-27 16:19:24] EDIT alumni_networks/views/default/members.html: 0
[2017-03-27 16:19:54] EDIT alumni_networks/controllers/default.py: 0
[2017-03-27 16:20:29] EDIT alumni_networks/views/default/members.html: -18
[2017-03-27 16:20:30] EDIT alumni_networks/views/default/members.html: 0
[2017-03-27 16:20:30] EDIT alumni_networks/views/default/members.html: 0
[2017-03-27 16:20:30] EDIT alumni_networks/views/default/members.html: 0
[2017-03-27 16:20:30] EDIT alumni_networks/views/default/members.html: 0
[2017-03-27 16:20:46] EDIT alumni_networks/views/default/members.html: 18
[2017-03-27 16:20:46] EDIT alumni_networks/views/default/members.html: 0
[2017-03-27 16:20:46] EDIT alumni_networks/views/default/members.html: 0
[2017-03-27 16:21:43] EDIT alumni_networks/views/default/members.html: 1
[2017-03-27 16:22:21] EDIT alumni_networks/views/default/members.html: 1
[2017-03-27 16:22:21] EDIT alumni_networks/views/default/members.html: 0
[2017-03-27 16:22:22] EDIT alumni_networks/views/default/members.html: 0
[2017-03-27 16:22:22] EDIT alumni_networks/views/default/members.html: 0
[2017-03-27 16:22:22] EDIT alumni_networks/views/default/members.html: 0
[2017-03-27 16:22:24] EDIT alumni_networks/views/default/members.html: -10
[2017-03-27 16:22:25] EDIT alumni_networks/views/default/members.html: 0
[2017-03-27 16:22:25] EDIT alumni_networks/views/default/members.html: 0
[2017-03-27 16:22:25] EDIT alumni_networks/views/default/members.html: 0
[2017-03-27 16:25:18] EDIT alumni_networks/views/default/members.html: 1
[2017-03-27 16:25:18] EDIT alumni_networks/views/default/members.html: 0
[2017-03-27 16:25:18] EDIT alumni_networks/views/default/members.html: 0
[2017-03-27 16:25:19] EDIT alumni_networks/views/default/members.html: 0
[2017-03-27 16:25:19] EDIT alumni_networks/views/default/members.html: 0
[2017-03-27 16:25:19] EDIT alumni_networks/views/default/members.html: 0
[2017-03-27 16:25:19] EDIT alumni_networks/views/default/members.html: 0
[2017-03-27 16:25:22] EDIT alumni_networks/views/default/members.html: 0
[2017-03-27 16:25:22] EDIT alumni_networks/views/default/members.html: 0
[2017-03-27 16:25:23] EDIT alumni_networks/views/default/members.html: 0
[2017-03-27 16:25:26] EDIT alumni_networks/views/default/members.html: 0
[2017-03-27 16:25:26] EDIT alumni_networks/views/default/members.html: 0
[2017-03-27 16:25:26] EDIT alumni_networks/views/default/members.html: 0
[2017-03-27 16:26:53] EDIT alumni_networks/views/default/members.html: -1
[2017-03-27 16:26:53] EDIT alumni_networks/views/default/members.html: 0
[2017-03-27 16:26:53] EDIT alumni_networks/views/default/members.html: 0
[2017-03-27 16:26:53] EDIT alumni_networks/views/default/members.html: 0
[2017-03-27 16:27:14] EDIT alumni_networks/views/default/members.html: 2
[2017-03-27 16:27:59] EDIT alumni_networks/views/default/members.html: 2
[2017-03-27 16:28:39] EDIT alumni_networks/views/default/members.html: 6
[2017-03-27 16:29:00] EDIT alumni_networks/views/default/members.html: 0
[2017-03-27 16:29:55] EDIT alumni_networks/views/default/members.html: 0
[2017-03-27 16:32:09] EDIT alumni_networks/views/default/members.html: 0
[2017-03-27 16:32:10] EDIT alumni_networks/views/default/members.html: 0
[2017-03-27 16:32:10] EDIT alumni_networks/views/default/members.html: 0
[2017-03-27 16:32:23] EDIT alumni_networks/views/default/members.html: 0
[2017-03-27 16:32:25] EDIT alumni_networks/views/default/members.html: 0
[2017-03-27 16:32:25] EDIT alumni_networks/views/default/members.html: 0
[2017-03-27 16:32:25] EDIT alumni_networks/views/default/members.html: 0
[2017-03-27 16:32:25] EDIT alumni_networks/views/default/members.html: 0
[2017-03-27 16:33:12] EDIT alumni_networks/views/default/members.html: 0
[2017-03-27 16:34:42] EDIT alumni_networks/views/default/members.html: 0
[2017-03-27 16:43:43] EDIT alumni_networks/views/default/members.html: 1
[2017-03-27 16:43:45] EDIT alumni_networks/views/default/members.html: 0
[2017-03-27 16:44:15] EDIT alumni_networks/views/default/members.html: 1
[2017-03-27 16:44:24] EDIT alumni_networks/views/default/members.html: 0
[2017-03-27 16:44:34] EDIT alumni_networks/views/default/members.html: 0
[2017-03-27 16:44:34] EDIT alumni_networks/views/default/members.html: 0
[2017-03-27 16:44:34] EDIT alumni_networks/views/default/members.html: 0
[2017-03-27 16:44:35] EDIT alumni_networks/views/default/members.html: 0
[2017-03-27 16:44:54] EDIT alumni_networks/views/default/members.html: 0
[2017-03-27 16:44:55] EDIT alumni_networks/views/default/members.html: 0
[2017-03-27 16:44:55] EDIT alumni_networks/views/default/members.html: 0
[2017-03-27 16:46:31] EDIT alumni_networks/views/default/members.html: 0
[2017-03-27 16:46:35] EDIT alumni_networks/views/default/members.html: 0
[2017-03-27 16:46:35] EDIT alumni_networks/views/default/members.html: 0
[2017-03-27 16:46:35] EDIT alumni_networks/views/default/members.html: 0
[2017-03-27 16:46:37] EDIT alumni_networks/views/default/members.html: 0
[2017-03-27 16:46:38] EDIT alumni_networks/views/default/members.html: 0
[2017-03-27 16:47:10] DELETE alumni_networks/views/default/members.html.1: -24
[2017-03-27 16:47:18] EDIT alumni_networks/views/default/members.html: 0
[2017-03-27 16:51:20] EDIT alumni_networks/views/default/members.html: 3
[2017-03-27 16:51:20] EDIT alumni_networks/views/default/members.html: 0
[2017-03-27 16:51:20] EDIT alumni_networks/views/default/members.html: 0
[2017-03-27 16:51:21] EDIT alumni_networks/views/default/members.html: 0
[2017-03-27 16:51:45] EDIT alumni_networks/views/default/members.html: 1
[2017-03-27 16:53:12] EDIT alumni_networks/views/default/members.html: 0
[2017-03-27 16:53:12] EDIT alumni_networks/views/default/members.html: 0
[2017-03-27 16:53:12] EDIT alumni_networks/views/default/members.html: 0
[2017-03-27 16:55:24] EDIT alumni_networks/views/default/members.html: 0
[2017-03-27 16:55:25] EDIT alumni_networks/views/default/members.html: 0
[2017-03-27 16:55:25] EDIT alumni_networks/views/default/members.html: 0
[2017-03-27 16:55:52] EDIT alumni_networks/views/default/members.html: 0
[2017-03-27 16:56:17] EDIT alumni_networks/views/default/members.html: 0
[2017-03-27 16:56:58] DELETE alumni_networks/views/default/members.html.1: -28
[2017-03-27 16:57:42] EDIT alumni_networks/views/default/members.html: 0
[2017-03-27 16:57:43] EDIT alumni_networks/views/default/members.html: 0
[2017-03-27 16:57:43] EDIT alumni_networks/views/default/members.html: 0
[2017-03-27 17:52:04] EDIT alumni_networks/models/db.py: 0
[2017-03-27 17:52:57] EDIT alumni_networks/models/db.py: 0
[2017-03-27 17:52:58] EDIT alumni_networks/models/db.py: 0
[2017-03-27 17:52:58] EDIT alumni_networks/models/db.py: 0
[2017-03-27 17:53:20] EDIT alumni_networks/models/db.py: 0
[2017-03-27 17:53:24] EDIT alumni_networks/models/db.py: 0
[2017-03-27 18:01:20] EDIT alumni_networks/views/default/members.html: 0
[2017-03-27 18:01:23] EDIT alumni_networks/views/default/members.html: 0
[2017-03-27 18:01:25] EDIT alumni_networks/views/default/members.html: 0
[2017-03-27 18:01:27] EDIT alumni_networks/views/default/members.html: 0
[2017-03-27 18:15:26] EDIT alumni_networks/views/default/members.html: 3
[2017-03-27 18:15:54] EDIT alumni_networks/views/default/members.html: 0
[2017-03-27 18:15:54] EDIT alumni_networks/views/default/members.html: 0
[2017-03-27 18:15:54] EDIT alumni_networks/views/default/members.html: 0
[2017-03-27 18:16:04] EDIT alumni_networks/views/default/members.html: 0
[2017-03-27 18:18:28] EDIT alumni_networks/views/default/members.html: 2
[2017-03-27 18:18:29] EDIT alumni_networks/views/default/members.html: 0
[2017-03-27 18:18:29] EDIT alumni_networks/views/default/members.html: 0
[2017-03-27 18:18:49] EDIT alumni_networks/views/default/members.html: 0
[2017-03-27 18:19:22] EDIT alumni_networks/views/default/members.html: 0
[2017-03-27 18:19:34] EDIT alumni_networks/views/default/members.html: 0
[2017-03-27 18:19:35] EDIT alumni_networks/views/default/members.html: 0
[2017-03-27 18:23:04] EDIT alumni_networks/views/default/members.html: 5
[2017-03-27 18:23:18] EDIT alumni_networks/views/default/members.html: 0
[2017-03-27 18:23:54] EDIT alumni_networks/views/default/members.html: 0
[2017-03-27 18:24:49] EDIT alumni_networks/views/default/members.html: 0
[2017-03-27 18:24:58] EDIT alumni_networks/views/default/members.html: 0
[2017-03-27 18:27:00] EDIT alumni_networks/views/default/members.html: 0
[2017-03-27 18:27:00] EDIT alumni_networks/views/default/members.html: 0
[2017-03-27 18:28:04] EDIT alumni_networks/views/default/members.html: 1
[2017-03-27 18:31:20] EDIT alumni_networks/views/default/members.html: 2
[2017-03-27 18:31:20] EDIT alumni_networks/views/default/members.html: 0
[2017-03-27 18:31:20] EDIT alumni_networks/views/default/members.html: 0
[2017-03-27 18:32:04] EDIT alumni_networks/views/default/members.html: 0
[2017-03-27 18:44:19] EDIT alumni_networks/views/default/members.html: -1
[2017-03-27 18:49:43] EDIT alumni_networks/views/default/members.html: 1
[2017-03-27 18:49:59] EDIT alumni_networks/views/default/members.html: 0
[2017-03-27 18:50:05] EDIT alumni_networks/views/default/members.html: 0
[2017-03-27 18:50:31] EDIT alumni_networks/views/default/members.html: 0
[2017-03-27 18:50:59] EDIT alumni_networks/views/default/members.html: -1
[2017-03-27 18:50:59] EDIT alumni_networks/views/default/members.html: 0
[2017-03-27 18:50:59] EDIT alumni_networks/views/default/members.html: 0
[2017-03-27 18:51:00] EDIT alumni_networks/views/default/members.html: 0
[2017-03-27 18:51:26] EDIT alumni_networks/views/default/members.html: 1
[2017-03-27 18:51:26] EDIT alumni_networks/views/default/members.html: 0
[2017-03-27 18:51:27] EDIT alumni_networks/views/default/members.html: 0
[2017-03-27 18:51:27] EDIT alumni_networks/views/default/members.html: 0
[2017-03-27 18:51:58] EDIT alumni_networks/views/default/members.html: 0
[2017-03-27 18:52:16] EDIT alumni_networks/views/default/members.html: 0
[2017-03-27 18:52:30] EDIT alumni_networks/views/default/members.html: 0
[2017-03-27 18:55:05] CREATE default/search.html: 0
[2017-03-27 18:55:14] EDIT alumni_networks/controllers/default.py: 2
[2017-03-27 18:56:06] EDIT alumni_networks/controllers/default.py: 1
[2017-03-27 19:04:03] EDIT alumni_networks/views/default/members.html: 0
[2017-03-27 19:04:20] EDIT alumni_networks/controllers/default.py: 1
[2017-03-27 19:04:22] EDIT alumni_networks/controllers/default.py: 0
[2017-03-27 19:04:22] EDIT alumni_networks/controllers/default.py: 0
[2017-03-27 19:04:23] EDIT alumni_networks/controllers/default.py: 0
[2017-03-27 19:05:52] EDIT alumni_networks/views/default/search.html: 0
[2017-03-27 19:07:27] EDIT alumni_networks/views/default/members.html: 0
[2017-03-27 19:07:45] EDIT alumni_networks/controllers/default.py: 0
[2017-03-27 19:09:18] EDIT alumni_networks/views/default/members.html: 0
[2017-03-27 19:12:13] EDIT alumni_networks/views/default/members.html: 0
[2017-03-27 19:13:37] EDIT alumni_networks/views/default/members.html: 0
[2017-03-27 19:13:38] EDIT alumni_networks/views/default/members.html: 0
[2017-03-27 19:13:38] EDIT alumni_networks/views/default/members.html: 0
[2017-03-27 19:21:07] EDIT alumni_networks/controllers/default.py: 7
[2017-03-27 19:24:52] EDIT alumni_networks/controllers/default.py: 0
[2017-03-27 19:29:27] EDIT alumni_networks/controllers/default.py: 2
[2017-03-27 19:29:37] EDIT alumni_networks/controllers/default.py: 0
[2017-03-27 19:29:57] EDIT alumni_networks/controllers/default.py: 2
[2017-03-27 19:30:02] EDIT alumni_networks/controllers/default.py: 0
[2017-03-27 19:30:37] EDIT alumni_networks/controllers/default.py: 0
[2017-03-27 19:31:07] EDIT alumni_networks/views/default/search.html: 0
[2017-03-27 19:31:07] EDIT alumni_networks/views/default/search.html: 0
[2017-03-27 19:31:20] EDIT alumni_networks/views/default/search.html: -1
[2017-03-27 19:31:20] EDIT alumni_networks/views/default/search.html: 0
[2017-03-27 19:37:56] EDIT alumni_networks/views/default/search.html: 38
[2017-03-27 19:38:47] EDIT alumni_networks/views/default/search.html: 0
[2017-03-27 19:38:49] EDIT alumni_networks/views/default/search.html: 0
[2017-03-27 19:40:03] EDIT alumni_networks/views/default/members.html: 0
[2017-03-27 19:40:20] EDIT alumni_networks/views/default/search.html: 0
[2017-03-27 19:40:30] EDIT alumni_networks/views/default/members.html: 0
[2017-03-27 19:42:10] EDIT alumni_networks/views/default/search.html: 0
[2017-03-27 19:42:56] EDIT alumni_networks/views/default/search.html: 2
[2017-03-27 19:42:57] EDIT alumni_networks/views/default/search.html: 0
[2017-03-27 19:43:16] EDIT alumni_networks/views/default/search.html: 0
[2017-03-27 19:43:23] EDIT alumni_networks/views/default/search.html: 0
[2017-03-27 19:44:02] EDIT alumni_networks/views/default/search.html: 0
[2017-03-27 19:44:05] EDIT alumni_networks/views/default/search.html: 0
[2017-03-27 19:44:10] EDIT alumni_networks/views/default/search.html: 0
[2017-03-27 19:44:29] EDIT alumni_networks/views/default/search.html: 1
[2017-03-27 19:45:29] EDIT alumni_networks/views/default/search.html: 1
[2017-03-27 19:45:37] EDIT alumni_networks/views/default/search.html: 0
[2017-03-27 19:45:39] EDIT alumni_networks/views/default/search.html: 0
[2017-03-27 19:46:02] EDIT alumni_networks/views/default/search.html: 0
[2017-03-27 19:46:06] EDIT alumni_networks/views/default/members.html: 1
[2017-03-27 19:46:30] EDIT alumni_networks/controllers/default.py: 2
[2017-03-27 19:46:48] EDIT alumni_networks/controllers/default.py: 0
[2017-03-27 19:47:15] EDIT alumni_networks/controllers/default.py: 0
[2017-03-27 19:49:57] EDIT alumni_networks/views/default/search.html: 4
[2017-03-27 19:50:00] EDIT alumni_networks/views/default/search.html: 0
[2017-03-27 19:51:10] EDIT alumni_networks/views/default/search.html: 0
[2017-03-27 19:51:16] EDIT alumni_networks/views/default/search.html: 0
[2017-03-27 19:56:53] EDIT alumni_networks/models/db1.py: 26
[2017-03-27 19:57:07] EDIT alumni_networks/models/db1.py: 0
[2017-03-27 19:58:25] EDIT alumni_networks/models/db1.py: -15
[2017-03-27 19:59:38] EDIT alumni_networks/controllers/default.py: 36
[2017-03-27 20:00:33] CREATE default/job.html: 0
[2017-03-27 20:02:14] EDIT alumni_networks/views/default/job.html: -2
[2017-03-27 20:02:15] EDIT alumni_networks/views/default/job.html: 0
[2017-03-27 20:02:52] CREATE default/jobapply.html: 0
[2017-03-27 20:05:16] CREATE default/jobdisplay.html: 0
[2017-03-27 20:05:25] EDIT alumni_networks/views/default/jobdisplay.html: 18
[2017-03-27 20:05:30] EDIT alumni_networks/views/default/jobdisplay.html: 0
[2017-03-27 20:05:33] EDIT alumni_networks/views/default/jobdisplay.html: 0
[2017-03-27 20:05:36] EDIT alumni_networks/views/default/jobdisplay.html: 0
[2017-03-27 20:05:55] EDIT alumni_networks/models/menu.py: 0
[2017-03-27 20:09:17] EDIT alumni_networks/views/default/job.html: 23
[2017-03-27 20:09:25] EDIT alumni_networks/views/default/job.html: 0
[2017-03-27 20:10:12] EDIT alumni_networks/views/default/jobapply.html: 21
[2017-03-27 20:10:14] EDIT alumni_networks/views/default/jobapply.html: 0
[2017-03-27 20:12:50] EDIT alumni_networks/models/db1.py: 10
[2017-03-27 20:13:36] EDIT alumni_networks/models/db1.py: 0
[2017-03-27 20:14:31] EDIT alumni_networks/controllers/default.py: 33
[2017-03-27 20:15:15] CREATE default/eventlist.html: 0
[2017-03-27 20:15:30] EDIT alumni_networks/views/default/eventlist.html: 21
[2017-03-27 20:18:53] CREATE default/eventapply.html: 0
[2017-03-27 20:19:04] EDIT alumni_networks/views/default/eventapply.html: 21
[2017-03-27 20:19:41] CREATE default/eventdisplay.html: 0
[2017-03-27 20:20:16] EDIT alumni_networks/views/default/eventdisplay.html: 14
[2017-03-27 20:20:38] EDIT alumni_networks/models/menu.py: 0
[2017-03-27 20:20:43] EDIT alumni_networks/models/menu.py: 0
[2017-03-27 20:20:45] EDIT alumni_networks/models/menu.py: 0
[2017-03-27 20:23:20] EDIT alumni_networks/models/db1.py: 6
[2017-03-27 20:26:30] EDIT alumni_networks/controllers/default.py: 16
[2017-03-27 20:26:37] EDIT alumni_networks/controllers/default.py: 0
[2017-03-27 20:26:42] EDIT alumni_networks/controllers/default.py: 0
[2017-03-27 20:26:52] EDIT alumni_networks/controllers/default.py: 0
[2017-03-27 20:26:57] EDIT alumni_networks/controllers/default.py: 0
[2017-03-27 20:27:54] CREATE default/e_request.html: 0
[2017-03-27 20:28:27] EDIT alumni_networks/views/default/e_request.html: 21
[2017-03-27 20:28:29] EDIT alumni_networks/views/default/e_request.html: 0
[2017-03-27 20:28:46] EDIT alumni_networks/models/menu.py: 0
[2017-03-27 20:29:35] EDIT alumni_networks/views/default/e_request.html: -3
[2017-03-27 20:29:36] EDIT alumni_networks/views/default/e_request.html: 0
[2017-03-27 20:30:15] EDIT alumni_networks/views/default/e_request.html: -5
[2017-03-27 20:31:04] EDIT alumni_networks/views/default/e_request.html: -8
[2017-03-27 20:33:24] EDIT alumni_networks/views/default/e_request.html: 6
[2017-03-27 20:33:27] EDIT alumni_networks/views/default/e_request.html: 0
[2017-03-27 20:33:29] EDIT alumni_networks/views/default/e_request.html: 0
[2017-03-27 20:33:48] EDIT alumni_networks/views/default/e_request.html: 1
[2017-03-27 20:34:04] EDIT alumni_networks/views/default/e_request.html: -3
[2017-03-27 20:38:40] EDIT alumni_networks/views/default/eventapply.html: -15
[2017-03-27 20:38:42] EDIT alumni_networks/views/default/eventapply.html: 0
[2017-03-27 20:38:42] EDIT alumni_networks/views/default/eventapply.html: 0
[2017-03-27 20:39:58] EDIT alumni_networks/views/default/eventdisplay.html: -2
[2017-03-27 20:40:00] EDIT alumni_networks/views/default/eventdisplay.html: 0
[2017-03-27 20:40:07] EDIT alumni_networks/views/default/eventdisplay.html: 0
[2017-03-27 20:40:11] EDIT alumni_networks/views/default/eventdisplay.html: 0
[2017-03-27 20:40:45] EDIT alumni_networks/views/default/eventapply.html: 3
[2017-03-27 20:40:49] EDIT alumni_networks/views/default/eventapply.html: 1
[2017-03-27 20:40:55] EDIT alumni_networks/views/default/eventdisplay.html: 1
[2017-03-27 20:41:21] EDIT alumni_networks/views/default/eventlist.html: -15
[2017-03-27 20:41:26] EDIT alumni_networks/views/default/eventlist.html: -1
[2017-03-27 20:41:37] EDIT alumni_networks/views/default/eventlist.html: 3
[2017-03-27 20:41:41] EDIT alumni_networks/views/default/eventlist.html: 1
[2017-03-27 20:41:44] EDIT alumni_networks/views/default/eventlist.html: 0
[2017-03-27 20:41:46] EDIT alumni_networks/views/default/eventlist.html: 0
[2017-03-27 20:42:28] EDIT alumni_networks/views/default/job.html: -13
[2017-03-27 20:42:35] EDIT alumni_networks/views/default/job.html: 1
[2017-03-27 20:43:26] EDIT alumni_networks/views/default/jobapply.html: -12
[2017-03-27 20:43:30] EDIT alumni_networks/views/default/jobapply.html: 1
[2017-03-27 20:43:36] EDIT alumni_networks/views/default/jobapply.html: 0
[2017-03-27 20:44:02] EDIT alumni_networks/views/default/jobdisplay.html: 3
[2017-03-27 20:44:48] EDIT alumni_networks/views/default/jobdisplay.html: 0
[2017-03-27 20:45:32] EDIT alumni_networks/views/default/jobdisplay.html: 2
[2017-03-27 20:45:41] EDIT alumni_networks/views/default/jobdisplay.html: 0
[2017-03-27 20:45:42] EDIT alumni_networks/views/default/jobdisplay.html: 0
[2017-03-27 20:45:47] EDIT alumni_networks/views/default/jobdisplay.html: 0
[2017-03-27 20:46:50] EDIT alumni_networks/views/default/jobdisplay.html: 0
[2017-03-27 20:47:51] EDIT alumni_networks/views/default/jobdisplay.html: 1
[2017-03-27 20:48:15] EDIT alumni_networks/views/default/jobdisplay.html: 0
[2017-03-27 20:48:23] EDIT alumni_networks/views/default/jobdisplay.html: 0
[2017-03-27 20:48:27] EDIT alumni_networks/views/default/jobdisplay.html: 0
[2017-03-27 20:48:43] EDIT alumni_networks/views/default/jobdisplay.html: 0
[2017-03-27 20:49:08] EDIT alumni_networks/views/default/jobdisplay.html: 0
[2017-03-27 20:49:27] EDIT alumni_networks/views/default/jobdisplay.html: 0
[2017-03-27 20:50:34] EDIT alumni_networks/views/default/jobdisplay.html: 0
[2017-03-27 20:51:05] EDIT alumni_networks/views/default/jobdisplay.html: 0
[2017-03-27 20:51:20] EDIT alumni_networks/views/default/jobdisplay.html: 0
[2017-03-27 20:51:49] EDIT alumni_networks/views/default/jobdisplay.html: 0
[2017-03-27 20:51:51] EDIT alumni_networks/views/default/jobdisplay.html: 0
[2017-03-27 20:52:14] EDIT alumni_networks/views/default/jobdisplay.html: 0
[2017-03-27 20:52:14] EDIT alumni_networks/views/default/jobdisplay.html: 0
[2017-03-27 20:52:23] EDIT alumni_networks/views/default/jobdisplay.html: 0
[2017-03-27 20:52:43] EDIT alumni_networks/views/default/jobdisplay.html: 0
[2017-03-27 20:58:14] EDIT alumni_networks/models/menu.py: 0
[2017-03-27 20:59:45] EDIT alumni_networks/models/menu.py: 0
[2017-03-27 21:00:51] EDIT alumni_networks/models/menu.py: 0
[2017-03-27 21:01:22] EDIT alumni_networks/models/menu.py: 0
[2017-03-27 21:01:24] EDIT alumni_networks/models/menu.py: 0
[2017-03-27 21:02:09] EDIT alumni_networks/models/menu.py: 0
[2017-03-27 21:02:14] EDIT alumni_networks/models/menu.py: 0
[2017-03-27 21:02:56] EDIT alumni_networks/models/menu.py: 0
[2017-03-27 21:03:13] EDIT alumni_networks/views/default/eventdisplay.html: 0
[2017-03-27 21:03:16] EDIT alumni_networks/views/default/eventdisplay.html: 0
[2017-03-27 21:25:41] CREATE apis.py: 0
[2017-03-27 21:29:08] EDIT alumni_networks/controllers/apis.py: 1
[2017-03-27 21:29:26] EDIT alumni_networks/controllers/apis.py: 1
[2017-03-27 21:29:32] EDIT alumni_networks/controllers/apis.py: 0
[2017-03-27 21:34:23] EDIT alumni_networks/controllers/apis.py: 0
[2017-03-27 21:49:56] EDIT alumni_networks/controllers/apis.py: 2
[2017-03-27 21:50:02] EDIT alumni_networks/controllers/apis.py: 1
[2017-03-27 21:50:38] EDIT alumni_networks/controllers/apis.py: 2
[2017-03-27 21:50:46] EDIT alumni_networks/controllers/apis.py: 1
[2017-03-27 21:51:32] EDIT alumni_networks/controllers/apis.py: 2
[2017-03-27 21:51:38] EDIT alumni_networks/controllers/apis.py: 1
[2017-03-27 21:51:38] EDIT alumni_networks/controllers/apis.py: 0
[2017-03-27 21:51:38] EDIT alumni_networks/controllers/apis.py: 0
[2017-03-27 21:51:38] EDIT alumni_networks/controllers/apis.py: 0
[2017-03-27 21:52:59] EDIT alumni_networks/controllers/apis.py: 13
[2017-03-27 21:53:08] EDIT alumni_networks/controllers/apis.py: 0
[2017-03-27 21:53:08] EDIT alumni_networks/controllers/apis.py: 0
[2017-03-27 21:57:59] EDIT alumni_networks/controllers/apis.py: 2
[2017-03-27 21:58:12] EDIT alumni_networks/controllers/apis.py: 1
[2017-03-27 21:59:32] EDIT alumni_networks/controllers/apis.py: 3
[2017-03-27 22:05:07] EDIT alumni_networks/controllers/apis.py: 0
[2017-03-27 22:10:00] EDIT alumni_networks/controllers/apis.py: 1
[2017-03-27 22:10:01] EDIT alumni_networks/controllers/apis.py: 0
[2017-03-27 22:13:31] EDIT alumni_networks/controllers/apis.py: 0
[2017-03-27 22:13:32] EDIT alumni_networks/controllers/apis.py: 0
[2017-03-27 22:13:32] EDIT alumni_networks/controllers/apis.py: 0
[2017-03-27 22:13:33] EDIT alumni_networks/controllers/apis.py: 0
[2017-03-27 22:13:58] EDIT alumni_networks/controllers/apis.py: 0
[2017-03-27 22:13:59] EDIT alumni_networks/controllers/apis.py: 0
[2017-03-27 22:13:59] EDIT alumni_networks/controllers/apis.py: 0
[2017-03-27 22:14:00] EDIT alumni_networks/controllers/apis.py: 0
[2017-03-27 22:14:01] EDIT alumni_networks/controllers/apis.py: 0
